[18:05:06] This is prokka 1.14.6
[18:05:06] Written by Torsten Seemann <torsten.seemann@gmail.com>
[18:05:06] Homepage is https://github.com/tseemann/prokka
[18:05:06] Local time is Thu Oct  3 18:05:06 2024
[18:05:06] You are mullara
[18:05:06] Operating system is linux
[18:05:06] You have BioPerl 1.007002
[18:05:06] System has 40 cores.
[18:05:06] Will use maximum of 8 cores.
[18:05:06] Annotating as >>> Bacteria <<<
[18:05:06] Generating locus_tag from '/home/mullara/Week_5/GCA_000091085.2_ASM9108v2_genomic.fna' contents.
[18:05:06] Setting --locustag JCFPBPPM from MD5 3cf9b996b31775612cf98542d20dd03e
[18:05:06] Creating new output folder: /home/mullara/Week_5/GCA_000091085.2_ASM9108v2_prokka_output
[18:05:06] Running: mkdir -p \/home\/mullara\/Week_5\/GCA_000091085\.2_ASM9108v2_prokka_output
[18:05:06] Using filename prefix: GCA_000091085.2_ASM9108v2.XXX
[18:05:06] Setting HMMER_NCPU=1
[18:05:06] Writing log to: /home/mullara/Week_5/GCA_000091085.2_ASM9108v2_prokka_output/GCA_000091085.2_ASM9108v2.log
[18:05:06] Command: /ibex/sw/csi/prokka/1.14.5/conda2/miniconda2/bin/prokka --outdir /home/mullara/Week_5/GCA_000091085.2_ASM9108v2_prokka_output --prefix GCA_000091085.2_ASM9108v2 /home/mullara/Week_5/GCA_000091085.2_ASM9108v2_genomic.fna
[18:05:06] Appending to PATH: /ibex/sw/csi/prokka/1.14.5/conda2/miniconda2/bin
[18:05:06] Looking for 'aragorn' - found /ibex/sw/csi/prokka/1.14.5/conda2/miniconda2/bin/aragorn
[18:05:06] Determined aragorn version is 001002 from 'ARAGORN v1.2.38 Dean Laslett'
[18:05:06] Looking for 'barrnap' - found /ibex/sw/csi/prokka/1.14.5/conda2/miniconda2/bin/barrnap
[18:05:06] Determined barrnap version is 000009 from 'barrnap 0.9'
[18:05:06] Looking for 'blastp' - found /ibex/sw/csi/prokka/1.14.5/conda2/miniconda2/bin/blastp
[18:05:06] Determined blastp version is 002010 from 'blastp: 2.10.1+'
[18:05:06] Looking for 'cmpress' - found /ibex/sw/csi/prokka/1.14.5/conda2/miniconda2/bin/cmpress
[18:05:06] Determined cmpress version is 001001 from '# INFERNAL 1.1.3 (Nov 2019)'
[18:05:06] Looking for 'cmscan' - found /ibex/sw/csi/prokka/1.14.5/conda2/miniconda2/bin/cmscan
[18:05:06] Determined cmscan version is 001001 from '# INFERNAL 1.1.3 (Nov 2019)'
[18:05:06] Looking for 'egrep' - found /usr/bin/egrep
[18:05:06] Looking for 'find' - found /usr/bin/find
[18:05:06] Looking for 'grep' - found /usr/bin/grep
[18:05:06] Looking for 'hmmpress' - found /ibex/sw/csi/prokka/1.14.5/conda2/miniconda2/bin/hmmpress
[18:05:06] Determined hmmpress version is 003003 from '# HMMER 3.3.2 (Nov 2020); http://hmmer.org/'
[18:05:06] Looking for 'hmmscan' - found /ibex/sw/csi/prokka/1.14.5/conda2/miniconda2/bin/hmmscan
[18:05:06] Determined hmmscan version is 003003 from '# HMMER 3.3.2 (Nov 2020); http://hmmer.org/'
[18:05:06] Looking for 'java' - found /ibex/sw/csi/prokka/1.14.5/conda2/miniconda2/bin/java
[18:05:06] Looking for 'makeblastdb' - found /ibex/sw/csi/prokka/1.14.5/conda2/miniconda2/bin/makeblastdb
[18:05:07] Determined makeblastdb version is 002010 from 'makeblastdb: 2.10.1+'
[18:05:07] Looking for 'minced' - found /ibex/sw/csi/prokka/1.14.5/conda2/miniconda2/bin/minced
[18:05:07] Determined minced version is 004002 from 'minced 0.4.2'
[18:05:07] Looking for 'parallel' - found /ibex/sw/csi/prokka/1.14.5/conda2/miniconda2/bin/parallel
[18:05:07] Determined parallel version is 20201122 from 'GNU parallel 20201122'
[18:05:07] Looking for 'prodigal' - found /ibex/sw/csi/prokka/1.14.5/conda2/miniconda2/bin/prodigal
[18:05:07] Determined prodigal version is 002006 from 'Prodigal V2.6.3: February, 2016'
[18:05:07] Looking for 'prokka-genbank_to_fasta_db' - found /ibex/sw/csi/prokka/1.14.5/conda2/miniconda2/bin/prokka-genbank_to_fasta_db
[18:05:07] Looking for 'sed' - found /usr/bin/sed
[18:05:07] Looking for 'tbl2asn' - found /ibex/sw/csi/prokka/1.14.5/conda2/miniconda2/bin/tbl2asn
[18:05:07] Determined tbl2asn version is 025007 from 'tbl2asn 25.7   arguments:'
[18:05:07] Using genetic code table 11.
[18:05:07] Loading and checking input file: /home/mullara/Week_5/GCA_000091085.2_ASM9108v2_genomic.fna
[18:05:07] Wrote 2 contigs totalling 1234385 bp.
[18:05:07] Predicting tRNAs and tmRNAs
[18:05:07] Running: aragorn -l -gc11  -w \/home\/mullara\/Week_5\/GCA_000091085\.2_ASM9108v2_prokka_output\/GCA_000091085\.2_ASM9108v2\.fna
[18:05:07] 1 tRNA-Ala c[5393,5467] 35 (ggc)
[18:05:07] 2 tRNA-Arg [34172,34244] 34 (tct)
[18:05:07] 3 tRNA-Thr [54804,54879] 35 (cgt)
[18:05:07] 4 tRNA-Lys c[56591,56663] 34 (ttt)
[18:05:07] 5 tRNA-Glu c[56688,56764] 38 (ttc)
[18:05:07] 6 tRNA-Gly c[59905,59975] 33 (tcc)
[18:05:07] 7 tRNA-Leu c[102099,102182] 35 (cag)
[18:05:07] 8 tRNA-Leu [125613,125697] 35 (taa)
[18:05:07] 9 tRNA-Ser [133144,133231] 35 (gct)
[18:05:07] 10 tRNA-Leu [161325,161408] 36 (gag)
[18:05:07] 11 tRNA-Arg c[164248,164321] 35 (tcg)
[18:05:07] 12 tRNA-Leu c[169266,169350] 35 (caa)
[18:05:07] 13 tRNA-Phe [210139,210213] 35 (gaa)
[18:05:07] 14 tRNA-Ser [214597,214685] 36 (gga)
[18:05:07] 15 tRNA-Arg c[378982,379057] 36 (cct)
[18:05:07] 16 tRNA-Pro c[431275,431349] 36 (tgg)
[18:05:07] 17 tRNA-Asp c[545058,545133] 36 (gtc)
[18:05:07] 18 tRNA-Val c[545135,545209] 35 (tac)
[18:05:07] 19 tRNA-Thr [547805,547879] 35 (tgt)
[18:05:07] 20 tRNA-Tyr [547884,547967] 35 (gta)
[18:05:07] 21 tRNA-Ala [572141,572213] 34 (tgc)
[18:05:07] 22 tRNA-Ile [572218,572291] 35 (gat)
[18:05:07] 23 tRNA-Met c[641807,641885] 36 (cat)
[18:05:07] 24 tRNA-Met c[641899,641973] 35 (cat)
[18:05:07] 25 tRNA-Asn [676811,676884] 34 (gtt)
[18:05:07] 26 tmRNA [702708,703130] 92,160 AEPKAECEIISLFDSVEERLAA*
[18:05:07] 27 tRNA-Trp c[750131,750205] 35 (cca)
[18:05:07] 28 tRNA-Thr c[751474,751545] 33 (ggt)
[18:05:07] 29 tRNA-Met [753680,753752] 34 (cat)
[18:05:07] 30 tRNA-Ser [841402,841490] 36 (cga)
[18:05:07] 31 tRNA-Leu c[895468,895552] 36 (tag)
[18:05:07] 32 tRNA-Ser c[929296,929380] 35 (tga)
[18:05:07] 33 tRNA-Val [933953,934026] 35 (gac)
[18:05:07] 34 tRNA-Gln c[985738,985811] 34 (ttg)
[18:05:07] 35 tRNA-Cys [1040839,1040909] 33 (gca)
[18:05:07] 36 tRNA-His [1071420,1071494] 35 (gtg)
[18:05:07] 37 tRNA-Gly [1109835,1109906] 33 (gcc)
[18:05:07] 38 tRNA-Arg c[1193970,1194043] 35 (acg)
[18:05:07] 39 tRNA-Pro c[1227444,1227517] 35 (ggg)
[18:05:07] Found 39 tRNAs
[18:05:07] Predicting Ribosomal RNAs
[18:05:07] Running Barrnap with 8 threads
[18:05:08] 1 AE002161.1 1065938 5S ribosomal RNA
[18:05:08] 2 AE002161.1 1066167 23S ribosomal RNA
[18:05:08] 3 AE002161.1 1069330 16S ribosomal RNA
[18:05:08] Found 3 rRNAs
[18:05:08] Skipping ncRNA search, enable with --rfam if desired.
[18:05:08] Total of 41 tRNA + rRNA features
[18:05:08] Searching for CRISPR repeats
[18:05:08] Found 0 CRISPRs
[18:05:08] Predicting coding sequences
[18:05:08] Contigs total 1234385 bp, so using single mode
[18:05:08] Running: prodigal -i \/home\/mullara\/Week_5\/GCA_000091085\.2_ASM9108v2_prokka_output\/GCA_000091085\.2_ASM9108v2\.fna -c -m -g 11 -p single -f sco -q
[18:05:10] Excluding CDS which overlaps existing RNA (tRNA) at AE002161.1:3235..5403 on + strand
[18:05:10] Excluding CDS which overlaps existing RNA (tRNA) at AE002161.1:547932..548039 on - strand
[18:05:10] Excluding CDS which overlaps existing RNA (tRNA) at AE002161.1:934017..934691 on - strand
[18:05:10] Excluding CDS which overlaps existing RNA (rRNA) at AE002161.1:1066576..1067205 on + strand
[18:05:10] Excluding CDS which overlaps existing RNA (tRNA) at AE002161.1:1071290..1071442 on + strand
[18:05:10] Found 1056 CDS
[18:05:10] Connecting features back to sequences
[18:05:10] Not using genus-specific database. Try --usegenus to enable it.
[18:05:10] Annotating CDS, please be patient.
[18:05:10] Will use 8 CPUs for similarity searching.
[18:05:10] There are still 1056 unannotated CDS left (started with 1056)
[18:05:10] Will use blast to search against /ibex/sw/csi/prokka/1.14.5/conda2/miniconda2/db/kingdom/Bacteria/IS with 8 CPUs
[18:05:10] Running: cat \/home\/mullara\/Week_5\/GCA_000091085\.2_ASM9108v2_prokka_output\/GCA_000091085\.2_ASM9108v2\.IS\.tmp\.2370057\.faa | parallel --gnu --plain -j 8 --block 23263 --recstart '>' --pipe blastp -query - -db /ibex/sw/csi/prokka/1.14.5/conda2/miniconda2/db/kingdom/Bacteria/IS -evalue 1e-30 -qcov_hsp_perc 90 -num_threads 1 -num_descriptions 1 -num_alignments 1 -seg no > \/home\/mullara\/Week_5\/GCA_000091085\.2_ASM9108v2_prokka_output\/GCA_000091085\.2_ASM9108v2\.IS\.tmp\.2370057\.blast 2> /dev/null
[18:05:14] Deleting unwanted file: /home/mullara/Week_5/GCA_000091085.2_ASM9108v2_prokka_output/GCA_000091085.2_ASM9108v2.IS.tmp.2370057.faa
[18:05:14] Deleting unwanted file: /home/mullara/Week_5/GCA_000091085.2_ASM9108v2_prokka_output/GCA_000091085.2_ASM9108v2.IS.tmp.2370057.blast
[18:05:14] There are still 1056 unannotated CDS left (started with 1056)
[18:05:14] Will use blast to search against /ibex/sw/csi/prokka/1.14.5/conda2/miniconda2/db/kingdom/Bacteria/AMR with 8 CPUs
[18:05:14] Running: cat \/home\/mullara\/Week_5\/GCA_000091085\.2_ASM9108v2_prokka_output\/GCA_000091085\.2_ASM9108v2\.AMR\.tmp\.2370057\.faa | parallel --gnu --plain -j 8 --block 23263 --recstart '>' --pipe blastp -query - -db /ibex/sw/csi/prokka/1.14.5/conda2/miniconda2/db/kingdom/Bacteria/AMR -evalue 9.99999999999999e-301 -qcov_hsp_perc 90 -num_threads 1 -num_descriptions 1 -num_alignments 1 -seg no > \/home\/mullara\/Week_5\/GCA_000091085\.2_ASM9108v2_prokka_output\/GCA_000091085\.2_ASM9108v2\.AMR\.tmp\.2370057\.blast 2> /dev/null
[18:05:17] Deleting unwanted file: /home/mullara/Week_5/GCA_000091085.2_ASM9108v2_prokka_output/GCA_000091085.2_ASM9108v2.AMR.tmp.2370057.faa
[18:05:17] Deleting unwanted file: /home/mullara/Week_5/GCA_000091085.2_ASM9108v2_prokka_output/GCA_000091085.2_ASM9108v2.AMR.tmp.2370057.blast
[18:05:17] There are still 1056 unannotated CDS left (started with 1056)
[18:05:17] Will use blast to search against /ibex/sw/csi/prokka/1.14.5/conda2/miniconda2/db/kingdom/Bacteria/sprot with 8 CPUs
[18:05:17] Running: cat \/home\/mullara\/Week_5\/GCA_000091085\.2_ASM9108v2_prokka_output\/GCA_000091085\.2_ASM9108v2\.sprot\.tmp\.2370057\.faa | parallel --gnu --plain -j 8 --block 23263 --recstart '>' --pipe blastp -query - -db /ibex/sw/csi/prokka/1.14.5/conda2/miniconda2/db/kingdom/Bacteria/sprot -evalue 1e-09 -qcov_hsp_perc 80 -num_threads 1 -num_descriptions 1 -num_alignments 1 -seg no > \/home\/mullara\/Week_5\/GCA_000091085\.2_ASM9108v2_prokka_output\/GCA_000091085\.2_ASM9108v2\.sprot\.tmp\.2370057\.blast 2> /dev/null
[18:05:29] Modify product: Bifunctional protein FolD => Bifunctional protein FolD protein
[18:05:29] Modify product: Probable FKBP-type peptidyl-prolyl cis-trans isomerase FkpA => putative FKBP-type peptidyl-prolyl cis-trans isomerase FkpA
[18:05:29] Modify product: UPF0235 protein YggU => hypothetical protein
[18:05:29] Modify product: Probable ABC transporter arginine-binding protein ArtJ => putative ABC transporter arginine-binding protein ArtJ
[18:05:29] Modify product: Probable outer membrane protein pmp18 => putative outer membrane protein pmp18
[18:05:29] Modify product: Probable outer membrane protein pmp15 => putative outer membrane protein pmp15
[18:05:29] Modify product: Probable outer membrane protein pmp15 => putative outer membrane protein pmp15
[18:05:29] Modify product: UPF0053 protein HI_0107 => hypothetical protein
[18:05:29] Modify product: UPF0053 protein HI_0107 => hypothetical protein
[18:05:29] Modify product: Glycogen operon protein GlgX homolog => Glycogen operon protein GlgX 
[18:05:29] Modify product: Probable cytosol aminopeptidase => putative cytosol aminopeptidase
[18:05:29] Modify product: Probable UbiX-like flavin prenyltransferase => putative UbiX-like flavin prenyltransferase
[18:05:29] Modify product: UPF0176 protein SP_0095 => hypothetical protein
[18:05:29] Modify product: Uncharacterized protein CT_666 => putative protein CT_666
[18:05:29] Modify product: Probable ATP synthase YscN => putative ATP synthase YscN
[18:05:29] Modify product: Uncharacterized protein CT_671 => putative protein CT_671
[18:05:29] Modify product: Probable ATP-dependent transporter SufC => putative ATP-dependent transporter SufC
[18:05:29] Modify product: Probable chromosome-partitioning protein ParB => putative chromosome-partitioning protein ParB
[18:05:29] Modify product: UPF0111 protein HI_1603 => hypothetical protein
[18:05:29] Modify product: Probable transcriptional regulatory protein YebC => putative transcriptional regulatory protein YebC
[18:05:29] Modify product: Probable outer membrane protein pmp20 => putative outer membrane protein pmp20
[18:05:29] Modify product: Probable outer membrane protein pmp19 => putative outer membrane protein pmp19
[18:05:29] Modify product: Probable outer membrane protein pmp16 => putative outer membrane protein pmp16
[18:05:29] Modify product: Probable outer membrane protein pmp15 => putative outer membrane protein pmp15
[18:05:29] Modify product: Probable outer membrane protein pmp14 => putative outer membrane protein pmp14
[18:05:29] Modify product: Probable outer membrane protein pmp13 => putative outer membrane protein pmp13
[18:05:29] Modify product: Probable outer membrane protein pmp12 => putative outer membrane protein pmp12
[18:05:29] Modify product: Probable outer membrane protein pmp11 => putative outer membrane protein pmp11
[18:05:29] Modify product: Probable outer membrane protein pmp10 => putative outer membrane protein pmp10
[18:05:29] Modify product: Probable outer membrane protein pmp9 => putative outer membrane protein pmp9
[18:05:29] Modify product: Probable outer membrane protein pmp8 => putative outer membrane protein pmp8
[18:05:29] Modify product: Probable outer membrane protein pmp7 => putative outer membrane protein pmp7
[18:05:29] Modify product: Probable outer membrane protein pmp6 => putative outer membrane protein pmp6
[18:05:29] Modify product: UPF0301 protein SO_3346 => hypothetical protein
[18:05:29] Modify product: GTP cyclohydrolase 1 type 2 homolog => GTP cyclohydrolase 1 type 2 
[18:05:29] Modify product: UPF0056 inner membrane protein YhgN => hypothetical protein
[18:05:30] Modify product: Probable outer membrane protein pmp21 => putative outer membrane protein pmp21
[18:05:30] Modify product: Probable peptidoglycan glycosyltransferase FtsW => putative peptidoglycan glycosyltransferase FtsW
[18:05:30] Modify product: UPF0098 protein CT_736 => hypothetical protein
[18:05:30] Modify product: Probable cadmium-transporting ATPase => putative cadmium-transporting ATPase
[18:05:30] Modify product: Probable secretion system apparatus ATP synthase SsaN => putative secretion system apparatus ATP synthase SsaN
[18:05:30] Modify product: Probable uridylyltransferase SA1974 => putative uridylyltransferase
[18:05:30] Modify product: Uncharacterized ABC transporter ATP-binding protein YbiT => putative ABC transporter ATP-binding protein YbiT
[18:05:30] Modify product: Probable outer membrane protein pmp10 => putative outer membrane protein pmp10
[18:05:30] Modify product: Probable outer membrane protein pmp8 => putative outer membrane protein pmp8
[18:05:30] Modify product: Probable outer membrane protein pmp10 => putative outer membrane protein pmp10
[18:05:30] Modify product: Probable outer membrane protein pmp8 => putative outer membrane protein pmp8
[18:05:30] Modify product: Probable outer membrane protein pmp10 => putative outer membrane protein pmp10
[18:05:30] Modify product: Probable outer membrane protein pmp11 => putative outer membrane protein pmp11
[18:05:30] Modify product: Probable outer membrane protein pmp2 => putative outer membrane protein pmp2
[18:05:30] Modify product: Probable outer membrane protein pmp1 => putative outer membrane protein pmp1
[18:05:30] Modify product: Protein CPn_0803/CP_1068/CPj0803/CpB0832 => Protein/CP_1068/CPj0803/CpB0832
[18:05:30] Modify product: Probable oxidoreductase CT_610 => putative oxidoreductase CT_610
[18:05:30] Cleaned 53 /product names
[18:05:30] Deleting unwanted file: /home/mullara/Week_5/GCA_000091085.2_ASM9108v2_prokka_output/GCA_000091085.2_ASM9108v2.sprot.tmp.2370057.faa
[18:05:30] Deleting unwanted file: /home/mullara/Week_5/GCA_000091085.2_ASM9108v2_prokka_output/GCA_000091085.2_ASM9108v2.sprot.tmp.2370057.blast
[18:05:30] There are still 588 unannotated CDS left (started with 1056)
[18:05:30] Will use hmmer3 to search against /ibex/sw/csi/prokka/1.14.5/conda2/miniconda2/db/hmm/HAMAP.hmm with 8 CPUs
[18:05:30] Running: cat \/home\/mullara\/Week_5\/GCA_000091085\.2_ASM9108v2_prokka_output\/GCA_000091085\.2_ASM9108v2\.HAMAP\.hmm\.tmp\.2370057\.faa | parallel --gnu --plain -j 8 --block 11877 --recstart '>' --pipe hmmscan --noali --notextw --acc -E 1e-09 --cpu 1 /ibex/sw/csi/prokka/1.14.5/conda2/miniconda2/db/hmm/HAMAP.hmm /dev/stdin > \/home\/mullara\/Week_5\/GCA_000091085\.2_ASM9108v2_prokka_output\/GCA_000091085\.2_ASM9108v2\.HAMAP\.hmm\.tmp\.2370057\.hmmer3 2> /dev/null
[18:05:33] Deleting unwanted file: /home/mullara/Week_5/GCA_000091085.2_ASM9108v2_prokka_output/GCA_000091085.2_ASM9108v2.HAMAP.hmm.tmp.2370057.faa
[18:05:33] Deleting unwanted file: /home/mullara/Week_5/GCA_000091085.2_ASM9108v2_prokka_output/GCA_000091085.2_ASM9108v2.HAMAP.hmm.tmp.2370057.hmmer3
[18:05:33] Labelling remaining 487 proteins as 'hypothetical protein'
[18:05:33] Possible /pseudo 'putative outer membrane protein pmp15' at AE002161.1 position 300124
[18:05:33] Possible /pseudo 'DNA replication and repair protein RecF' at AE002161.1 position 457246
[18:05:33] Possible /pseudo 'Oligopeptide-binding protein OppA' at AE002161.1 position 603767
[18:05:33] Possible /pseudo 'Oligopeptide-binding protein OppA' at AE002161.1 position 605501
[18:05:33] Possible /pseudo 'Inosine-5'-monophosphate dehydrogenase' at AE002161.1 position 628112
[18:05:33] Found 493 unique /gene codes.
[18:05:33] Fixed 2 duplicate /gene - dxs_1 dxs_2
[18:05:33] Fixed 3 duplicate /gene - oppA_1 oppA_2 oppA_3
[18:05:33] Fixed 2 duplicate /gene - iscS_1 iscS_2
[18:05:33] Fixed 2 duplicate /gene - tyrP_1 tyrP_2
[18:05:33] Fixed 2 duplicate /gene - ruvB_1 ruvB_2
[18:05:33] Fixed 2 duplicate /gene - gyrA_1 gyrA_2
[18:05:33] Fixed 2 duplicate /gene - tlcA_1 tlcA_2
[18:05:33] Fixed 2 duplicate /gene - gyrB_1 gyrB_2
[18:05:33] Fixed 2 duplicate /gene - dnaA_1 dnaA_2
[18:05:33] Fixed 2 duplicate /gene - pfp_1 pfp_2
[18:05:33] Fixed 2 duplicate /gene - efp_1 efp_2
[18:05:33] Fixed 2 duplicate /gene - pgsA_1 pgsA_2
[18:05:33] Fixed 2 duplicate /gene - aas_1 aas_2
[18:05:33] Fixed 2 duplicate /gene - dinG_1 dinG_2
[18:05:33] Fixed 2 duplicate /gene - alsT_1 alsT_2
[18:05:33] Fixed 2 duplicate /gene - sctC_1 sctC_2
[18:05:33] Fixed 2 duplicate /gene - recF_1 recF_2
[18:05:33] Fixed 2 duplicate /gene - pknD_1 pknD_2
[18:05:33] Fixed 2 duplicate /gene - pdhC_1 pdhC_2
[18:05:33] Fixed 2 duplicate /gene - guaB_1 guaB_2
[18:05:33] Fixed 2 duplicate /gene - ispE_1 ispE_2
[18:05:33] Fixed 3 duplicate /gene - pmp8_1 pmp8_2 pmp8_3
[18:05:33] Fixed 2 duplicate /gene - oppD_1 oppD_2
[18:05:33] Fixed 2 duplicate /gene - rbn_1 rbn_2
[18:05:33] Fixed 2 duplicate /gene - bioF_1 bioF_2
[18:05:33] Fixed 3 duplicate /gene - groL_1 groL_2 groL_3
[18:05:33] Fixed 26 colliding /gene names.
[18:05:33] Adding /locus_tag identifiers
[18:05:33] Assigned 1098 locus_tags to CDS and RNA features.
[18:05:33] Writing outputs to /home/mullara/Week_5/GCA_000091085.2_ASM9108v2_prokka_output/
[18:05:34] Generating annotation statistics file
[18:05:34] Generating Genbank and Sequin files
[18:05:34] Running: tbl2asn -V b -a r10k -l paired-ends -M n -N 1 -y 'Annotated using prokka 1.14.6 from https://github.com/tseemann/prokka' -Z \/home\/mullara\/Week_5\/GCA_000091085\.2_ASM9108v2_prokka_output\/GCA_000091085\.2_ASM9108v2\.err -i \/home\/mullara\/Week_5\/GCA_000091085\.2_ASM9108v2_prokka_output\/GCA_000091085\.2_ASM9108v2\.fsa 2> /dev/null
[18:05:36] Deleting unwanted file: /home/mullara/Week_5/GCA_000091085.2_ASM9108v2_prokka_output/errorsummary.val
[18:05:36] Deleting unwanted file: /home/mullara/Week_5/GCA_000091085.2_ASM9108v2_prokka_output/GCA_000091085.2_ASM9108v2.dr
[18:05:36] Deleting unwanted file: /home/mullara/Week_5/GCA_000091085.2_ASM9108v2_prokka_output/GCA_000091085.2_ASM9108v2.fixedproducts
[18:05:36] Deleting unwanted file: /home/mullara/Week_5/GCA_000091085.2_ASM9108v2_prokka_output/GCA_000091085.2_ASM9108v2.ecn
[18:05:36] Deleting unwanted file: /home/mullara/Week_5/GCA_000091085.2_ASM9108v2_prokka_output/GCA_000091085.2_ASM9108v2.val
[18:05:36] Repairing broken .GBK output that tbl2asn produces...
[18:05:36] Running: sed 's/COORDINATES: profile/COORDINATES:profile/' < \/home\/mullara\/Week_5\/GCA_000091085\.2_ASM9108v2_prokka_output\/GCA_000091085\.2_ASM9108v2\.gbf > \/home\/mullara\/Week_5\/GCA_000091085\.2_ASM9108v2_prokka_output\/GCA_000091085\.2_ASM9108v2\.gbk
[18:05:36] Deleting unwanted file: /home/mullara/Week_5/GCA_000091085.2_ASM9108v2_prokka_output/GCA_000091085.2_ASM9108v2.gbf
[18:05:36] Output files:
[18:05:36] /home/mullara/Week_5/GCA_000091085.2_ASM9108v2_prokka_output/GCA_000091085.2_ASM9108v2.log
[18:05:36] /home/mullara/Week_5/GCA_000091085.2_ASM9108v2_prokka_output/GCA_000091085.2_ASM9108v2.fna
[18:05:36] /home/mullara/Week_5/GCA_000091085.2_ASM9108v2_prokka_output/GCA_000091085.2_ASM9108v2.gff
[18:05:36] /home/mullara/Week_5/GCA_000091085.2_ASM9108v2_prokka_output/GCA_000091085.2_ASM9108v2.faa
[18:05:36] /home/mullara/Week_5/GCA_000091085.2_ASM9108v2_prokka_output/GCA_000091085.2_ASM9108v2.ffn
[18:05:36] /home/mullara/Week_5/GCA_000091085.2_ASM9108v2_prokka_output/GCA_000091085.2_ASM9108v2.tbl
[18:05:36] /home/mullara/Week_5/GCA_000091085.2_ASM9108v2_prokka_output/GCA_000091085.2_ASM9108v2.fsa
[18:05:36] /home/mullara/Week_5/GCA_000091085.2_ASM9108v2_prokka_output/GCA_000091085.2_ASM9108v2.tsv
[18:05:36] /home/mullara/Week_5/GCA_000091085.2_ASM9108v2_prokka_output/GCA_000091085.2_ASM9108v2.txt
[18:05:36] /home/mullara/Week_5/GCA_000091085.2_ASM9108v2_prokka_output/GCA_000091085.2_ASM9108v2.sqn
[18:05:36] /home/mullara/Week_5/GCA_000091085.2_ASM9108v2_prokka_output/GCA_000091085.2_ASM9108v2.gbk
[18:05:36] /home/mullara/Week_5/GCA_000091085.2_ASM9108v2_prokka_output/GCA_000091085.2_ASM9108v2.err
[18:05:36] Annotation finished successfully.
[18:05:36] Walltime used: 0.50 minutes
[18:05:36] If you use this result please cite the Prokka paper:
[18:05:36] Seemann T (2014) Prokka: rapid prokaryotic genome annotation. Bioinformatics. 30(14):2068-9.
[18:05:36] Type 'prokka --citation' for more details.
[18:05:36] Thank you, come again.
