[18:03:15] This is prokka 1.14.6
[18:03:15] Written by Torsten Seemann <torsten.seemann@gmail.com>
[18:03:15] Homepage is https://github.com/tseemann/prokka
[18:03:15] Local time is Thu Oct  3 18:03:15 2024
[18:03:15] You are mullara
[18:03:15] Operating system is linux
[18:03:15] You have BioPerl 1.007002
[18:03:15] System has 40 cores.
[18:03:15] Will use maximum of 8 cores.
[18:03:15] Annotating as >>> Bacteria <<<
[18:03:15] Generating locus_tag from '/home/mullara/Week_5/GCA_000008745.1_ASM874v1_genomic.fna' contents.
[18:03:15] Setting --locustag OOIKDGDG from MD5 8824d0d0f9f897df088ed16632e3b4e9
[18:03:15] Creating new output folder: /home/mullara/Week_5/GCA_000008745.1_ASM874v1_prokka_output
[18:03:15] Running: mkdir -p \/home\/mullara\/Week_5\/GCA_000008745\.1_ASM874v1_prokka_output
[18:03:15] Using filename prefix: GCA_000008745.1_ASM874v1.XXX
[18:03:15] Setting HMMER_NCPU=1
[18:03:15] Writing log to: /home/mullara/Week_5/GCA_000008745.1_ASM874v1_prokka_output/GCA_000008745.1_ASM874v1.log
[18:03:15] Command: /ibex/sw/csi/prokka/1.14.5/conda2/miniconda2/bin/prokka --outdir /home/mullara/Week_5/GCA_000008745.1_ASM874v1_prokka_output --prefix GCA_000008745.1_ASM874v1 /home/mullara/Week_5/GCA_000008745.1_ASM874v1_genomic.fna
[18:03:15] Appending to PATH: /ibex/sw/csi/prokka/1.14.5/conda2/miniconda2/bin
[18:03:15] Looking for 'aragorn' - found /ibex/sw/csi/prokka/1.14.5/conda2/miniconda2/bin/aragorn
[18:03:15] Determined aragorn version is 001002 from 'ARAGORN v1.2.38 Dean Laslett'
[18:03:15] Looking for 'barrnap' - found /ibex/sw/csi/prokka/1.14.5/conda2/miniconda2/bin/barrnap
[18:03:15] Determined barrnap version is 000009 from 'barrnap 0.9'
[18:03:15] Looking for 'blastp' - found /ibex/sw/csi/prokka/1.14.5/conda2/miniconda2/bin/blastp
[18:03:15] Determined blastp version is 002010 from 'blastp: 2.10.1+'
[18:03:15] Looking for 'cmpress' - found /ibex/sw/csi/prokka/1.14.5/conda2/miniconda2/bin/cmpress
[18:03:15] Determined cmpress version is 001001 from '# INFERNAL 1.1.3 (Nov 2019)'
[18:03:15] Looking for 'cmscan' - found /ibex/sw/csi/prokka/1.14.5/conda2/miniconda2/bin/cmscan
[18:03:15] Determined cmscan version is 001001 from '# INFERNAL 1.1.3 (Nov 2019)'
[18:03:15] Looking for 'egrep' - found /usr/bin/egrep
[18:03:15] Looking for 'find' - found /usr/bin/find
[18:03:15] Looking for 'grep' - found /usr/bin/grep
[18:03:15] Looking for 'hmmpress' - found /ibex/sw/csi/prokka/1.14.5/conda2/miniconda2/bin/hmmpress
[18:03:15] Determined hmmpress version is 003003 from '# HMMER 3.3.2 (Nov 2020); http://hmmer.org/'
[18:03:15] Looking for 'hmmscan' - found /ibex/sw/csi/prokka/1.14.5/conda2/miniconda2/bin/hmmscan
[18:03:15] Determined hmmscan version is 003003 from '# HMMER 3.3.2 (Nov 2020); http://hmmer.org/'
[18:03:15] Looking for 'java' - found /ibex/sw/csi/prokka/1.14.5/conda2/miniconda2/bin/java
[18:03:15] Looking for 'makeblastdb' - found /ibex/sw/csi/prokka/1.14.5/conda2/miniconda2/bin/makeblastdb
[18:03:15] Determined makeblastdb version is 002010 from 'makeblastdb: 2.10.1+'
[18:03:15] Looking for 'minced' - found /ibex/sw/csi/prokka/1.14.5/conda2/miniconda2/bin/minced
[18:03:15] Determined minced version is 004002 from 'minced 0.4.2'
[18:03:15] Looking for 'parallel' - found /ibex/sw/csi/prokka/1.14.5/conda2/miniconda2/bin/parallel
[18:03:15] Determined parallel version is 20201122 from 'GNU parallel 20201122'
[18:03:15] Looking for 'prodigal' - found /ibex/sw/csi/prokka/1.14.5/conda2/miniconda2/bin/prodigal
[18:03:15] Determined prodigal version is 002006 from 'Prodigal V2.6.3: February, 2016'
[18:03:15] Looking for 'prokka-genbank_to_fasta_db' - found /ibex/sw/csi/prokka/1.14.5/conda2/miniconda2/bin/prokka-genbank_to_fasta_db
[18:03:15] Looking for 'sed' - found /usr/bin/sed
[18:03:15] Looking for 'tbl2asn' - found /ibex/sw/csi/prokka/1.14.5/conda2/miniconda2/bin/tbl2asn
[18:03:15] Determined tbl2asn version is 025007 from 'tbl2asn 25.7   arguments:'
[18:03:15] Using genetic code table 11.
[18:03:15] Loading and checking input file: /home/mullara/Week_5/GCA_000008745.1_ASM874v1_genomic.fna
[18:03:15] Wrote 1 contigs totalling 1230230 bp.
[18:03:15] Predicting tRNAs and tmRNAs
[18:03:15] Running: aragorn -l -gc11  -w \/home\/mullara\/Week_5\/GCA_000008745\.1_ASM874v1_prokka_output\/GCA_000008745\.1_ASM874v1\.fna
[18:03:16] 1 tRNA-Met c[87450,87522] 34 (cat)
[18:03:16] 2 tRNA-Thr [89657,89728] 33 (ggt)
[18:03:16] 3 tRNA-Trp [90997,91071] 35 (cca)
[18:03:16] 4 tmRNA c[138071,138493] 92,160 AEPKAECEIISLFDSVEERLAA*
[18:03:16] 5 tRNA-Asn c[164317,164390] 34 (gtt)
[18:03:16] 6 tRNA-Met [199228,199302] 35 (cat)
[18:03:16] 7 tRNA-Met [199316,199394] 36 (cat)
[18:03:16] 8 tRNA-Ile c[268992,269065] 35 (gat)
[18:03:16] 9 tRNA-Ala c[269070,269142] 34 (tgc)
[18:03:16] 10 tRNA-Tyr c[293316,293399] 35 (gta)
[18:03:16] 11 tRNA-Thr c[293404,293478] 35 (tgt)
[18:03:16] 12 tRNA-Val [296074,296148] 35 (tac)
[18:03:16] 13 tRNA-Asp [296150,296225] 36 (gtc)
[18:03:16] 14 tRNA-Pro [409848,409922] 36 (tgg)
[18:03:16] 15 tRNA-Arg [462140,462215] 36 (cct)
[18:03:16] 16 tRNA-Ser c[626900,626988] 36 (gga)
[18:03:16] 17 tRNA-Phe c[631372,631446] 35 (gaa)
[18:03:16] 18 tRNA-Leu [672235,672319] 35 (caa)
[18:03:16] 19 tRNA-Arg [677264,677337] 35 (tcg)
[18:03:16] 20 tRNA-Leu c[680177,680260] 36 (gag)
[18:03:16] 21 tRNA-Ser c[708354,708441] 35 (gct)
[18:03:16] 22 tRNA-Leu c[715888,715972] 35 (taa)
[18:03:16] 23 tRNA-Leu [739403,739486] 35 (cag)
[18:03:16] 24 tRNA-Gly [781610,781680] 33 (tcc)
[18:03:16] 25 tRNA-Glu [784821,784897] 38 (ttc)
[18:03:16] 26 tRNA-Lys [784922,784994] 34 (ttt)
[18:03:16] 27 tRNA-Thr c[786706,786781] 35 (cgt)
[18:03:16] 28 tRNA-Arg c[807341,807413] 34 (tct)
[18:03:16] 29 tRNA-Ala [836118,836192] 35 (ggc)
[18:03:16] 30 tRNA-Pro [843926,843999] 35 (ggg)
[18:03:16] 31 tRNA-Arg [877400,877473] 35 (acg)
[18:03:16] 32 tRNA-Gly c[961536,961607] 33 (gcc)
[18:03:16] 33 tRNA-His c[999948,1000022] 35 (gtg)
[18:03:16] 34 tRNA-Cys c[1030533,1030603] 33 (gca)
[18:03:16] 35 tRNA-Gln [1085604,1085677] 34 (ttg)
[18:03:16] 36 tRNA-Val c[1137389,1137462] 35 (gac)
[18:03:16] 37 tRNA-Ser [1142034,1142118] 35 (tga)
[18:03:16] 38 tRNA-Leu [1175862,1175946] 36 (tag)
[18:03:16] 39 tRNA-Ser c[1229941,1230029] 36 (cga)
[18:03:16] Found 39 tRNAs
[18:03:16] Predicting Ribosomal RNAs
[18:03:16] Running Barrnap with 8 threads
[18:03:16] 1 AE001363.1 1000563 16S ribosomal RNA
[18:03:16] 2 AE001363.1 1002345 23S ribosomal RNA
[18:03:16] 3 AE001363.1 1005397 5S ribosomal RNA
[18:03:16] Found 3 rRNAs
[18:03:16] Skipping ncRNA search, enable with --rfam if desired.
[18:03:16] Total of 41 tRNA + rRNA features
[18:03:16] Searching for CRISPR repeats
[18:03:17] Found 0 CRISPRs
[18:03:17] Predicting coding sequences
[18:03:17] Contigs total 1230230 bp, so using single mode
[18:03:17] Running: prodigal -i \/home\/mullara\/Week_5\/GCA_000008745\.1_ASM874v1_prokka_output\/GCA_000008745\.1_ASM874v1\.fna -c -m -g 11 -p single -f sco -q
[18:03:19] Excluding CDS which overlaps existing RNA (tRNA) at AE001363.1:293244..293351 on + strand
[18:03:19] Excluding CDS which overlaps existing RNA (tRNA) at AE001363.1:836182..838350 on - strand
[18:03:19] Excluding CDS which overlaps existing RNA (tRNA) at AE001363.1:1000000..1000152 on - strand
[18:03:19] Excluding CDS which overlaps existing RNA (rRNA) at AE001363.1:1004237..1004866 on - strand
[18:03:19] Excluding CDS which overlaps existing RNA (tRNA) at AE001363.1:1136724..1137398 on + strand
[18:03:19] Found 1058 CDS
[18:03:19] Connecting features back to sequences
[18:03:19] Not using genus-specific database. Try --usegenus to enable it.
[18:03:19] Annotating CDS, please be patient.
[18:03:19] Will use 8 CPUs for similarity searching.
[18:03:19] There are still 1058 unannotated CDS left (started with 1058)
[18:03:19] Will use blast to search against /ibex/sw/csi/prokka/1.14.5/conda2/miniconda2/db/kingdom/Bacteria/IS with 8 CPUs
[18:03:19] Running: cat \/home\/mullara\/Week_5\/GCA_000008745\.1_ASM874v1_prokka_output\/GCA_000008745\.1_ASM874v1\.IS\.tmp\.2365899\.faa | parallel --gnu --plain -j 8 --block 23208 --recstart '>' --pipe blastp -query - -db /ibex/sw/csi/prokka/1.14.5/conda2/miniconda2/db/kingdom/Bacteria/IS -evalue 1e-30 -qcov_hsp_perc 90 -num_threads 1 -num_descriptions 1 -num_alignments 1 -seg no > \/home\/mullara\/Week_5\/GCA_000008745\.1_ASM874v1_prokka_output\/GCA_000008745\.1_ASM874v1\.IS\.tmp\.2365899\.blast 2> /dev/null
[18:03:23] Deleting unwanted file: /home/mullara/Week_5/GCA_000008745.1_ASM874v1_prokka_output/GCA_000008745.1_ASM874v1.IS.tmp.2365899.faa
[18:03:23] Deleting unwanted file: /home/mullara/Week_5/GCA_000008745.1_ASM874v1_prokka_output/GCA_000008745.1_ASM874v1.IS.tmp.2365899.blast
[18:03:23] There are still 1058 unannotated CDS left (started with 1058)
[18:03:23] Will use blast to search against /ibex/sw/csi/prokka/1.14.5/conda2/miniconda2/db/kingdom/Bacteria/AMR with 8 CPUs
[18:03:23] Running: cat \/home\/mullara\/Week_5\/GCA_000008745\.1_ASM874v1_prokka_output\/GCA_000008745\.1_ASM874v1\.AMR\.tmp\.2365899\.faa | parallel --gnu --plain -j 8 --block 23208 --recstart '>' --pipe blastp -query - -db /ibex/sw/csi/prokka/1.14.5/conda2/miniconda2/db/kingdom/Bacteria/AMR -evalue 9.99999999999999e-301 -qcov_hsp_perc 90 -num_threads 1 -num_descriptions 1 -num_alignments 1 -seg no > \/home\/mullara\/Week_5\/GCA_000008745\.1_ASM874v1_prokka_output\/GCA_000008745\.1_ASM874v1\.AMR\.tmp\.2365899\.blast 2> /dev/null
[18:03:25] Deleting unwanted file: /home/mullara/Week_5/GCA_000008745.1_ASM874v1_prokka_output/GCA_000008745.1_ASM874v1.AMR.tmp.2365899.faa
[18:03:25] Deleting unwanted file: /home/mullara/Week_5/GCA_000008745.1_ASM874v1_prokka_output/GCA_000008745.1_ASM874v1.AMR.tmp.2365899.blast
[18:03:26] There are still 1058 unannotated CDS left (started with 1058)
[18:03:26] Will use blast to search against /ibex/sw/csi/prokka/1.14.5/conda2/miniconda2/db/kingdom/Bacteria/sprot with 8 CPUs
[18:03:26] Running: cat \/home\/mullara\/Week_5\/GCA_000008745\.1_ASM874v1_prokka_output\/GCA_000008745\.1_ASM874v1\.sprot\.tmp\.2365899\.faa | parallel --gnu --plain -j 8 --block 23208 --recstart '>' --pipe blastp -query - -db /ibex/sw/csi/prokka/1.14.5/conda2/miniconda2/db/kingdom/Bacteria/sprot -evalue 1e-09 -qcov_hsp_perc 80 -num_threads 1 -num_descriptions 1 -num_alignments 1 -seg no > \/home\/mullara\/Week_5\/GCA_000008745\.1_ASM874v1_prokka_output\/GCA_000008745\.1_ASM874v1\.sprot\.tmp\.2365899\.blast 2> /dev/null
[18:03:38] Modify product: GTP cyclohydrolase 1 type 2 homolog => GTP cyclohydrolase 1 type 2 
[18:03:38] Modify product: UPF0301 protein SO_3346 => hypothetical protein
[18:03:38] Modify product: Bifunctional protein FolD => Bifunctional protein FolD protein
[18:03:38] Modify product: Probable cytosol aminopeptidase => putative cytosol aminopeptidase
[18:03:38] Modify product: Glycogen operon protein GlgX homolog => Glycogen operon protein GlgX 
[18:03:38] Modify product: UPF0053 protein HI_0107 => hypothetical protein
[18:03:38] Modify product: UPF0053 protein HI_0107 => hypothetical protein
[18:03:38] Modify product: Probable UbiX-like flavin prenyltransferase => putative UbiX-like flavin prenyltransferase
[18:03:38] Modify product: Probable outer membrane protein pmp16 => putative outer membrane protein pmp16
[18:03:38] Modify product: Probable outer membrane protein pmp15 => putative outer membrane protein pmp15
[18:03:38] Modify product: Probable outer membrane protein pmp15 => putative outer membrane protein pmp15
[18:03:38] Modify product: Probable outer membrane protein pmp18 => putative outer membrane protein pmp18
[18:03:38] Modify product: Probable ABC transporter arginine-binding protein ArtJ => putative ABC transporter arginine-binding protein ArtJ
[18:03:38] Modify product: UPF0235 protein YggU => hypothetical protein
[18:03:38] Modify product: Probable outer membrane protein pmp1 => putative outer membrane protein pmp1
[18:03:38] Modify product: Probable outer membrane protein pmp2 => putative outer membrane protein pmp2
[18:03:38] Modify product: Probable outer membrane protein pmp11 => putative outer membrane protein pmp11
[18:03:38] Modify product: Probable outer membrane protein pmp10 => putative outer membrane protein pmp10
[18:03:38] Modify product: Probable outer membrane protein pmp10 => putative outer membrane protein pmp10
[18:03:38] Modify product: Probable outer membrane protein pmp10 => putative outer membrane protein pmp10
[18:03:38] Modify product: Probable outer membrane protein pmp8 => putative outer membrane protein pmp8
[18:03:38] Modify product: Probable outer membrane protein pmp10 => putative outer membrane protein pmp10
[18:03:38] Modify product: Uncharacterized ABC transporter ATP-binding protein YbiT => putative ABC transporter ATP-binding protein YbiT
[18:03:38] Modify product: Probable outer membrane protein pmp6 => putative outer membrane protein pmp6
[18:03:38] Modify product: Probable outer membrane protein pmp7 => putative outer membrane protein pmp7
[18:03:38] Modify product: Probable outer membrane protein pmp8 => putative outer membrane protein pmp8
[18:03:38] Modify product: Probable outer membrane protein pmp9 => putative outer membrane protein pmp9
[18:03:38] Modify product: Probable outer membrane protein pmp10 => putative outer membrane protein pmp10
[18:03:38] Modify product: Probable outer membrane protein pmp10 => putative outer membrane protein pmp10
[18:03:38] Modify product: Probable outer membrane protein pmp11 => putative outer membrane protein pmp11
[18:03:38] Modify product: Probable outer membrane protein pmp12 => putative outer membrane protein pmp12
[18:03:38] Modify product: Probable outer membrane protein pmp13 => putative outer membrane protein pmp13
[18:03:38] Modify product: Probable outer membrane protein pmp14 => putative outer membrane protein pmp14
[18:03:38] Modify product: Probable outer membrane protein pmp15 => putative outer membrane protein pmp15
[18:03:38] Modify product: Probable FKBP-type peptidyl-prolyl cis-trans isomerase FkpA => putative FKBP-type peptidyl-prolyl cis-trans isomerase FkpA
[18:03:38] Modify product: Probable oxidoreductase CT_610 => putative oxidoreductase CT_610
[18:03:38] Modify product: Protein CPn_0803/CP_1068/CPj0803/CpB0832 => Protein/CP_1068/CPj0803/CpB0832
[18:03:38] Modify product: Probable uridylyltransferase SA1974 => putative uridylyltransferase
[18:03:38] Modify product: Probable secretion system apparatus ATP synthase SsaN => putative secretion system apparatus ATP synthase SsaN
[18:03:38] Modify product: Probable cadmium-transporting ATPase => putative cadmium-transporting ATPase
[18:03:38] Modify product: UPF0098 protein CT_736 => hypothetical protein
[18:03:38] Modify product: Probable peptidoglycan glycosyltransferase FtsW => putative peptidoglycan glycosyltransferase FtsW
[18:03:38] Modify product: Probable outer membrane protein pmp21 => putative outer membrane protein pmp21
[18:03:38] Modify product: Probable outer membrane protein pmp19 => putative outer membrane protein pmp19
[18:03:38] Modify product: Probable outer membrane protein pmp20 => putative outer membrane protein pmp20
[18:03:38] Modify product: Probable transcriptional regulatory protein YebC => putative transcriptional regulatory protein YebC
[18:03:38] Modify product: UPF0111 protein HI_1603 => hypothetical protein
[18:03:38] Modify product: Probable chromosome-partitioning protein ParB => putative chromosome-partitioning protein ParB
[18:03:38] Modify product: Probable ATP-dependent transporter SufC => putative ATP-dependent transporter SufC
[18:03:38] Modify product: Uncharacterized protein CT_671 => putative protein CT_671
[18:03:38] Modify product: Probable ATP synthase YscN => putative ATP synthase YscN
[18:03:38] Modify product: Uncharacterized protein CT_666 => putative protein CT_666
[18:03:38] Modify product: UPF0176 protein SP_0095 => hypothetical protein
[18:03:38] Modify product: UPF0056 inner membrane protein YhgN => hypothetical protein
[18:03:38] Cleaned 54 /product names
[18:03:38] Deleting unwanted file: /home/mullara/Week_5/GCA_000008745.1_ASM874v1_prokka_output/GCA_000008745.1_ASM874v1.sprot.tmp.2365899.faa
[18:03:38] Deleting unwanted file: /home/mullara/Week_5/GCA_000008745.1_ASM874v1_prokka_output/GCA_000008745.1_ASM874v1.sprot.tmp.2365899.blast
[18:03:38] There are still 591 unannotated CDS left (started with 1058)
[18:03:38] Will use hmmer3 to search against /ibex/sw/csi/prokka/1.14.5/conda2/miniconda2/db/hmm/HAMAP.hmm with 8 CPUs
[18:03:38] Running: cat \/home\/mullara\/Week_5\/GCA_000008745\.1_ASM874v1_prokka_output\/GCA_000008745\.1_ASM874v1\.HAMAP\.hmm\.tmp\.2365899\.faa | parallel --gnu --plain -j 8 --block 11830 --recstart '>' --pipe hmmscan --noali --notextw --acc -E 1e-09 --cpu 1 /ibex/sw/csi/prokka/1.14.5/conda2/miniconda2/db/hmm/HAMAP.hmm /dev/stdin > \/home\/mullara\/Week_5\/GCA_000008745\.1_ASM874v1_prokka_output\/GCA_000008745\.1_ASM874v1\.HAMAP\.hmm\.tmp\.2365899\.hmmer3 2> /dev/null
[18:03:42] Deleting unwanted file: /home/mullara/Week_5/GCA_000008745.1_ASM874v1_prokka_output/GCA_000008745.1_ASM874v1.HAMAP.hmm.tmp.2365899.faa
[18:03:42] Deleting unwanted file: /home/mullara/Week_5/GCA_000008745.1_ASM874v1_prokka_output/GCA_000008745.1_ASM874v1.HAMAP.hmm.tmp.2365899.hmmer3
[18:03:42] Labelling remaining 489 proteins as 'hypothetical protein'
[18:03:42] Possible /pseudo 'putative outer membrane protein pmp10' at AE001363.1 position 24416
[18:03:42] Possible /pseudo 'putative outer membrane protein pmp10' at AE001363.1 position 26229
[18:03:42] Possible /pseudo 'Inosine-5'-monophosphate dehydrogenase' at AE001363.1 position 213238
[18:03:42] Possible /pseudo 'Oligopeptide-binding protein OppA' at AE001363.1 position 235939
[18:03:42] Possible /pseudo 'Oligopeptide-binding protein OppA' at AE001363.1 position 237578
[18:03:42] Possible /pseudo 'DNA replication and repair protein RecF' at AE001363.1 position 384205
[18:03:42] Possible /pseudo 'putative outer membrane protein pmp15' at AE001363.1 position 541405
[18:03:42] Found 492 unique /gene codes.
[18:03:42] Fixed 2 duplicate /gene - bioF_1 bioF_2
[18:03:42] Fixed 2 duplicate /gene - pfp_1 pfp_2
[18:03:42] Fixed 2 duplicate /gene - aas_1 aas_2
[18:03:42] Fixed 2 duplicate /gene - rbn_1 rbn_2
[18:03:42] Fixed 2 duplicate /gene - guaB_1 guaB_2
[18:03:42] Fixed 2 duplicate /gene - dinG_1 dinG_2
[18:03:42] Fixed 2 duplicate /gene - dnaA_1 dnaA_2
[18:03:42] Fixed 2 duplicate /gene - sctC_1 sctC_2
[18:03:42] Fixed 2 duplicate /gene - gyrA_1 gyrA_2
[18:03:42] Fixed 2 duplicate /gene - iscS_1 iscS_2
[18:03:42] Fixed 2 duplicate /gene - ruvB_1 ruvB_2
[18:03:42] Fixed 2 duplicate /gene - tlcA_1 tlcA_2
[18:03:42] Fixed 3 duplicate /gene - oppA_1 oppA_2 oppA_3
[18:03:42] Fixed 2 duplicate /gene - tyrP_1 tyrP_2
[18:03:42] Fixed 3 duplicate /gene - groL_1 groL_2 groL_3
[18:03:42] Fixed 2 duplicate /gene - efp_1 efp_2
[18:03:42] Fixed 2 duplicate /gene - dxs_1 dxs_2
[18:03:42] Fixed 2 duplicate /gene - pmp8_1 pmp8_2
[18:03:42] Fixed 2 duplicate /gene - pknD_1 pknD_2
[18:03:42] Fixed 2 duplicate /gene - pdhC_1 pdhC_2
[18:03:42] Fixed 2 duplicate /gene - ispE_1 ispE_2
[18:03:42] Fixed 2 duplicate /gene - recF_1 recF_2
[18:03:42] Fixed 2 duplicate /gene - oppD_1 oppD_2
[18:03:42] Fixed 2 duplicate /gene - alsT_1 alsT_2
[18:03:42] Fixed 2 duplicate /gene - pgsA_1 pgsA_2
[18:03:42] Fixed 2 duplicate /gene - gyrB_1 gyrB_2
[18:03:42] Fixed 26 colliding /gene names.
[18:03:42] Adding /locus_tag identifiers
[18:03:42] Assigned 1100 locus_tags to CDS and RNA features.
[18:03:42] Writing outputs to /home/mullara/Week_5/GCA_000008745.1_ASM874v1_prokka_output/
[18:03:43] Generating annotation statistics file
[18:03:43] Generating Genbank and Sequin files
[18:03:43] Running: tbl2asn -V b -a r10k -l paired-ends -M n -N 1 -y 'Annotated using prokka 1.14.6 from https://github.com/tseemann/prokka' -Z \/home\/mullara\/Week_5\/GCA_000008745\.1_ASM874v1_prokka_output\/GCA_000008745\.1_ASM874v1\.err -i \/home\/mullara\/Week_5\/GCA_000008745\.1_ASM874v1_prokka_output\/GCA_000008745\.1_ASM874v1\.fsa 2> /dev/null
[18:03:44] Deleting unwanted file: /home/mullara/Week_5/GCA_000008745.1_ASM874v1_prokka_output/errorsummary.val
[18:03:44] Deleting unwanted file: /home/mullara/Week_5/GCA_000008745.1_ASM874v1_prokka_output/GCA_000008745.1_ASM874v1.dr
[18:03:44] Deleting unwanted file: /home/mullara/Week_5/GCA_000008745.1_ASM874v1_prokka_output/GCA_000008745.1_ASM874v1.fixedproducts
[18:03:44] Deleting unwanted file: /home/mullara/Week_5/GCA_000008745.1_ASM874v1_prokka_output/GCA_000008745.1_ASM874v1.ecn
[18:03:44] Deleting unwanted file: /home/mullara/Week_5/GCA_000008745.1_ASM874v1_prokka_output/GCA_000008745.1_ASM874v1.val
[18:03:44] Repairing broken .GBK output that tbl2asn produces...
[18:03:44] Running: sed 's/COORDINATES: profile/COORDINATES:profile/' < \/home\/mullara\/Week_5\/GCA_000008745\.1_ASM874v1_prokka_output\/GCA_000008745\.1_ASM874v1\.gbf > \/home\/mullara\/Week_5\/GCA_000008745\.1_ASM874v1_prokka_output\/GCA_000008745\.1_ASM874v1\.gbk
[18:03:44] Deleting unwanted file: /home/mullara/Week_5/GCA_000008745.1_ASM874v1_prokka_output/GCA_000008745.1_ASM874v1.gbf
[18:03:44] Output files:
[18:03:44] /home/mullara/Week_5/GCA_000008745.1_ASM874v1_prokka_output/GCA_000008745.1_ASM874v1.log
[18:03:44] /home/mullara/Week_5/GCA_000008745.1_ASM874v1_prokka_output/GCA_000008745.1_ASM874v1.fna
[18:03:44] /home/mullara/Week_5/GCA_000008745.1_ASM874v1_prokka_output/GCA_000008745.1_ASM874v1.gff
[18:03:44] /home/mullara/Week_5/GCA_000008745.1_ASM874v1_prokka_output/GCA_000008745.1_ASM874v1.faa
[18:03:44] /home/mullara/Week_5/GCA_000008745.1_ASM874v1_prokka_output/GCA_000008745.1_ASM874v1.ffn
[18:03:44] /home/mullara/Week_5/GCA_000008745.1_ASM874v1_prokka_output/GCA_000008745.1_ASM874v1.tbl
[18:03:44] /home/mullara/Week_5/GCA_000008745.1_ASM874v1_prokka_output/GCA_000008745.1_ASM874v1.fsa
[18:03:44] /home/mullara/Week_5/GCA_000008745.1_ASM874v1_prokka_output/GCA_000008745.1_ASM874v1.tsv
[18:03:44] /home/mullara/Week_5/GCA_000008745.1_ASM874v1_prokka_output/GCA_000008745.1_ASM874v1.txt
[18:03:44] /home/mullara/Week_5/GCA_000008745.1_ASM874v1_prokka_output/GCA_000008745.1_ASM874v1.sqn
[18:03:44] /home/mullara/Week_5/GCA_000008745.1_ASM874v1_prokka_output/GCA_000008745.1_ASM874v1.gbk
[18:03:44] /home/mullara/Week_5/GCA_000008745.1_ASM874v1_prokka_output/GCA_000008745.1_ASM874v1.err
[18:03:44] Annotation finished successfully.
[18:03:44] Walltime used: 0.48 minutes
[18:03:44] If you use this result please cite the Prokka paper:
[18:03:44] Seemann T (2014) Prokka: rapid prokaryotic genome annotation. Bioinformatics. 30(14):2068-9.
[18:03:44] Type 'prokka --citation' for more details.
[18:03:44] Share and enjoy!
