[17:52:54] This is prokka 1.14.6
[17:52:54] Written by Torsten Seemann <torsten.seemann@gmail.com>
[17:52:54] Homepage is https://github.com/tseemann/prokka
[17:52:54] Local time is Thu Oct  3 17:52:54 2024
[17:52:54] You are mullara
[17:52:54] Operating system is linux
[17:52:54] You have BioPerl 1.007002
[17:52:54] System has 40 cores.
[17:52:54] Will use maximum of 8 cores.
[17:52:54] Annotating as >>> Bacteria <<<
[17:52:54] Generating locus_tag from '/home/mullara/Week_5/GCA_000006825.1_ASM682v1_genomic.fna' contents.
[17:52:54] Setting --locustag HPJMNOPJ from MD5 193678933ed7fd209698580bac7313b1
[17:52:54] Creating new output folder: /home/mullara/Week_5/GCA_000006825.1_ASM682v1_prokka_output
[17:52:54] Running: mkdir -p \/home\/mullara\/Week_5\/GCA_000006825\.1_ASM682v1_prokka_output
[17:52:54] Using filename prefix: GCA_000006825.1_ASM682v1.XXX
[17:52:54] Setting HMMER_NCPU=1
[17:52:54] Writing log to: /home/mullara/Week_5/GCA_000006825.1_ASM682v1_prokka_output/GCA_000006825.1_ASM682v1.log
[17:52:54] Command: /ibex/sw/csi/prokka/1.14.5/conda2/miniconda2/bin/prokka --outdir /home/mullara/Week_5/GCA_000006825.1_ASM682v1_prokka_output --prefix GCA_000006825.1_ASM682v1 /home/mullara/Week_5/GCA_000006825.1_ASM682v1_genomic.fna
[17:52:54] Appending to PATH: /ibex/sw/csi/prokka/1.14.5/conda2/miniconda2/bin
[17:52:54] Looking for 'aragorn' - found /ibex/sw/csi/prokka/1.14.5/conda2/miniconda2/bin/aragorn
[17:52:54] Determined aragorn version is 001002 from 'ARAGORN v1.2.38 Dean Laslett'
[17:52:54] Looking for 'barrnap' - found /ibex/sw/csi/prokka/1.14.5/conda2/miniconda2/bin/barrnap
[17:52:54] Determined barrnap version is 000009 from 'barrnap 0.9'
[17:52:54] Looking for 'blastp' - found /ibex/sw/csi/prokka/1.14.5/conda2/miniconda2/bin/blastp
[17:52:54] Determined blastp version is 002010 from 'blastp: 2.10.1+'
[17:52:54] Looking for 'cmpress' - found /ibex/sw/csi/prokka/1.14.5/conda2/miniconda2/bin/cmpress
[17:52:54] Determined cmpress version is 001001 from '# INFERNAL 1.1.3 (Nov 2019)'
[17:52:54] Looking for 'cmscan' - found /ibex/sw/csi/prokka/1.14.5/conda2/miniconda2/bin/cmscan
[17:52:54] Determined cmscan version is 001001 from '# INFERNAL 1.1.3 (Nov 2019)'
[17:52:54] Looking for 'egrep' - found /usr/bin/egrep
[17:52:54] Looking for 'find' - found /usr/bin/find
[17:52:54] Looking for 'grep' - found /usr/bin/grep
[17:52:54] Looking for 'hmmpress' - found /ibex/sw/csi/prokka/1.14.5/conda2/miniconda2/bin/hmmpress
[17:52:54] Determined hmmpress version is 003003 from '# HMMER 3.3.2 (Nov 2020); http://hmmer.org/'
[17:52:54] Looking for 'hmmscan' - found /ibex/sw/csi/prokka/1.14.5/conda2/miniconda2/bin/hmmscan
[17:52:54] Determined hmmscan version is 003003 from '# HMMER 3.3.2 (Nov 2020); http://hmmer.org/'
[17:52:54] Looking for 'java' - found /ibex/sw/csi/prokka/1.14.5/conda2/miniconda2/bin/java
[17:52:54] Looking for 'makeblastdb' - found /ibex/sw/csi/prokka/1.14.5/conda2/miniconda2/bin/makeblastdb
[17:52:54] Determined makeblastdb version is 002010 from 'makeblastdb: 2.10.1+'
[17:52:54] Looking for 'minced' - found /ibex/sw/csi/prokka/1.14.5/conda2/miniconda2/bin/minced
[17:52:54] Determined minced version is 004002 from 'minced 0.4.2'
[17:52:54] Looking for 'parallel' - found /ibex/sw/csi/prokka/1.14.5/conda2/miniconda2/bin/parallel
[17:52:54] Determined parallel version is 20201122 from 'GNU parallel 20201122'
[17:52:54] Looking for 'prodigal' - found /ibex/sw/csi/prokka/1.14.5/conda2/miniconda2/bin/prodigal
[17:52:54] Determined prodigal version is 002006 from 'Prodigal V2.6.3: February, 2016'
[17:52:54] Looking for 'prokka-genbank_to_fasta_db' - found /ibex/sw/csi/prokka/1.14.5/conda2/miniconda2/bin/prokka-genbank_to_fasta_db
[17:52:54] Looking for 'sed' - found /usr/bin/sed
[17:52:54] Looking for 'tbl2asn' - found /ibex/sw/csi/prokka/1.14.5/conda2/miniconda2/bin/tbl2asn
[17:52:54] Determined tbl2asn version is 025007 from 'tbl2asn 25.7   arguments:'
[17:52:54] Using genetic code table 11.
[17:52:54] Loading and checking input file: /home/mullara/Week_5/GCA_000006825.1_ASM682v1_genomic.fna
[17:52:54] Wrote 1 contigs totalling 2257487 bp.
[17:52:54] Predicting tRNAs and tmRNAs
[17:52:54] Running: aragorn -l -gc11  -w \/home\/mullara\/Week_5\/GCA_000006825\.1_ASM682v1_prokka_output\/GCA_000006825\.1_ASM682v1\.fna
[17:52:55] 1 tRNA-Asp c[131748,131824] 35 (gtc)
[17:52:55] 2 tRNA-Asp c[131840,131916] 35 (gtc)
[17:52:55] 3 tRNA-Leu [234397,234482] 35 (gag)
[17:52:55] 4 tRNA-Ile [343054,343130] 35 (gat)
[17:52:55] 5 tRNA-Ala [343192,343267] 34 (tgc)
[17:52:55] 6 tRNA-Leu c[347780,347864] 35 (caa)
[17:52:55] 7 tRNA-Ser [470662,470751] 35 (tga)
[17:52:55] 8 tRNA-Asn c[502969,503044] 34 (gtt)
[17:52:55] 9 tRNA-Arg [541506,541582] 35 (ccg)
[17:52:55] 10 tRNA-His [541618,541693] 34 (gtg)
[17:52:55] 11 tRNA-Pro [541708,541784] 35 (tgg)
[17:52:55] 12 tRNA-Ile [543583,543659] 35 (gat)
[17:52:55] 13 tRNA-Ala [543721,543796] 34 (tgc)
[17:52:55] 14 tRNA-Val [757576,757652] 35 (gac)
[17:52:55] 15 tRNA-Gln c[792255,792329] 33 (ttg)
[17:52:55] 16 tRNA-Gln c[792375,792449] 33 (ttg)
[17:52:55] 17 tRNA-Leu c[792479,792563] 35 (tag)
[17:52:55] 18 tRNA-Met c[792569,792645] 35 (cat)
[17:52:55] 19 tRNA-Met c[898156,898232] 35 (cat)
[17:52:55] 20 tmRNA c[905658,906024] 92,127 ANDEQYALAA**
[17:52:55] 21 tRNA-Leu c[1007171,1007257] 35 (taa)
[17:52:55] 22 tRNA-Gly c[1007284,1007359] 34 (gcc)
[17:52:55] 23 tRNA-Gly [1059797,1059872] 34 (gcc)
[17:52:55] 24 tRNA-Gly [1059903,1059978] 34 (gcc)
[17:52:55] 25 tRNA-Glu c[1080171,1080246] 35 (ttc)
[17:52:55] 26 tRNA-Met [1096294,1096370] 35 (cat)
[17:52:55] 27 tRNA-Ser [1120194,1120283] 35 (gga)
[17:52:55] 28 tRNA-Lys c[1138474,1138549] 34 (ttt)
[17:52:55] 29 tRNA-Lys c[1138593,1138668] 34 (ttt)
[17:52:55] 30 tRNA-Lys c[1138712,1138787] 34 (ttt)
[17:52:55] 31 tRNA-Ser c[1162118,1162207] 35 (tga)
[17:52:55] 32 tRNA-Gly [1169417,1169492] 34 (gcc)
[17:52:55] 33 tRNA-Cys [1169500,1169573] 33 (gca)
[17:52:55] 34 tRNA-Leu [1169617,1169703] 35 (taa)
[17:52:55] 35 tRNA-Arg c[1246351,1246427] 35 (acg)
[17:52:55] 36 tRNA-Arg c[1246493,1246569] 35 (acg)
[17:52:55] 37 tRNA-Ser c[1246620,1246712] 35 (gct)
[17:52:55] 38 tRNA-Ala c[1312211,1312286] 34 (ggc)
[17:52:55] 39 tRNA-Val [1314001,1314076] 34 (tac)
[17:52:55] 40 tRNA-Val [1314118,1314193] 34 (tac)
[17:52:55] 41 tRNA-Val [1314245,1314320] 34 (tac)
[17:52:55] 42 tRNA-Val [1314384,1314459] 34 (tac)
[17:52:55] 43 tRNA-Phe [1513793,1513868] 34 (gaa)
[17:52:55] 44 tRNA-Asn [1513873,1513948] 34 (gtt)
[17:52:55] 45 tRNA-Ile [1692202,1692278] 35 (gat)
[17:52:55] 46 tRNA-Ala [1692340,1692415] 34 (tgc)
[17:52:55] 47 tRNA-Glu [1762988,1763063] 35 (ttc)
[17:52:55] 48 tRNA-Met [1862907,1862983] 35 (cat)
[17:52:55] 49 tRNA-Trp c[1937292,1937367] 34 (cca)
[17:52:55] 50 tRNA-Asp c[1937402,1937478] 35 (gtc)
[17:52:55] 51 tRNA-Glu c[1941062,1941137] 35 (ttc)
[17:52:55] 52 tRNA-Thr c[1968758,1968833] 34 (ggt)
[17:52:55] 53 tRNA-Gly c[1968837,1968911] 34 (tcc)
[17:52:55] 54 tRNA-Tyr c[1968958,1969042] 35 (gta)
[17:52:55] 55 tRNA-Thr c[1969072,1969147] 34 (tgt)
[17:52:55] 56 tRNA-SeC [1994469,1994563] 35 (tca)
[17:52:55] 57 tRNA-Arg c[2170724,2170800] 35 (tct)
[17:52:55] 58 tRNA-Pro c[2170831,2170907] 35 (tgg)
[17:52:55] Found 58 tRNAs
[17:52:55] Predicting Ribosomal RNAs
[17:52:55] Running Barrnap with 8 threads
[17:52:56] 1 AE004439.1 341432 16S ribosomal RNA
[17:52:56] 2 AE004439.1 343590 23S ribosomal RNA
[17:52:56] 3 AE004439.1 346654 5S ribosomal RNA
[17:52:56] 4 AE004439.1 541961 16S ribosomal RNA
[17:52:56] 5 AE004439.1 544119 23S ribosomal RNA
[17:52:56] 6 AE004439.1 547184 5S ribosomal RNA
[17:52:56] 7 AE004439.1 1076771 5S ribosomal RNA
[17:52:56] 8 AE004439.1 1077047 23S ribosomal RNA
[17:52:56] 9 AE004439.1 1080341 16S ribosomal RNA
[17:52:56] 10 AE004439.1 1690579 16S ribosomal RNA
[17:52:56] 11 AE004439.1 1692738 23S ribosomal RNA
[17:52:56] 12 AE004439.1 1695800 5S ribosomal RNA
[17:52:56] 13 AE004439.1 1761356 16S ribosomal RNA
[17:52:56] 14 AE004439.1 1763291 23S ribosomal RNA
[17:52:56] 15 AE004439.1 1766353 5S ribosomal RNA
[17:52:56] 16 AE004439.1 1937498 5S ribosomal RNA
[17:52:56] 17 AE004439.1 1937662 5S ribosomal RNA
[17:52:56] 18 AE004439.1 1937938 23S ribosomal RNA
[17:52:56] 19 AE004439.1 1941232 16S ribosomal RNA
[17:52:56] Found 19 rRNAs
[17:52:56] Skipping ncRNA search, enable with --rfam if desired.
[17:52:56] Total of 76 tRNA + rRNA features
[17:52:56] Searching for CRISPR repeats
[17:52:56] CRISPR1 AE004439.1 362647 with 33 spacers
[17:52:56] CRISPR2 AE004439.1 1322127 with 6 spacers
[17:52:56] CRISPR3 AE004439.1 2080625 with 36 spacers
[17:52:56] Found 3 CRISPRs
[17:52:56] Predicting coding sequences
[17:52:56] Contigs total 2257487 bp, so using single mode
[17:52:56] Running: prodigal -i \/home\/mullara\/Week_5\/GCA_000006825\.1_ASM682v1_prokka_output\/GCA_000006825\.1_ASM682v1\.fna -c -m -g 11 -p single -f sco -q
[17:53:00] Excluding CDS which overlaps existing RNA (repeat_region) at AE004439.1:364312..364557 on + strand
[17:53:01] Excluding CDS which overlaps existing RNA (rRNA) at AE004439.1:1076663..1077070 on + strand
[17:53:01] Excluding CDS which overlaps existing RNA (rRNA) at AE004439.1:1695611..1696018 on - strand
[17:53:01] Excluding CDS which overlaps existing RNA (rRNA) at AE004439.1:1766164..1766571 on - strand
[17:53:02] Found 2028 CDS
[17:53:02] Connecting features back to sequences
[17:53:02] Not using genus-specific database. Try --usegenus to enable it.
[17:53:02] Annotating CDS, please be patient.
[17:53:02] Will use 8 CPUs for similarity searching.
[17:53:02] There are still 2028 unannotated CDS left (started with 2028)
[17:53:02] Will use blast to search against /ibex/sw/csi/prokka/1.14.5/conda2/miniconda2/db/kingdom/Bacteria/IS with 8 CPUs
[17:53:02] Running: cat \/home\/mullara\/Week_5\/GCA_000006825\.1_ASM682v1_prokka_output\/GCA_000006825\.1_ASM682v1\.IS\.tmp\.1320164\.faa | parallel --gnu --plain -j 8 --block 42518 --recstart '>' --pipe blastp -query - -db /ibex/sw/csi/prokka/1.14.5/conda2/miniconda2/db/kingdom/Bacteria/IS -evalue 1e-30 -qcov_hsp_perc 90 -num_threads 1 -num_descriptions 1 -num_alignments 1 -seg no > \/home\/mullara\/Week_5\/GCA_000006825\.1_ASM682v1_prokka_output\/GCA_000006825\.1_ASM682v1\.IS\.tmp\.1320164\.blast 2> /dev/null
[17:53:08] Deleting unwanted file: /home/mullara/Week_5/GCA_000006825.1_ASM682v1_prokka_output/GCA_000006825.1_ASM682v1.IS.tmp.1320164.faa
[17:53:08] Deleting unwanted file: /home/mullara/Week_5/GCA_000006825.1_ASM682v1_prokka_output/GCA_000006825.1_ASM682v1.IS.tmp.1320164.blast
[17:53:08] There are still 2027 unannotated CDS left (started with 2028)
[17:53:08] Will use blast to search against /ibex/sw/csi/prokka/1.14.5/conda2/miniconda2/db/kingdom/Bacteria/AMR with 8 CPUs
[17:53:08] Running: cat \/home\/mullara\/Week_5\/GCA_000006825\.1_ASM682v1_prokka_output\/GCA_000006825\.1_ASM682v1\.AMR\.tmp\.1320164\.faa | parallel --gnu --plain -j 8 --block 42494 --recstart '>' --pipe blastp -query - -db /ibex/sw/csi/prokka/1.14.5/conda2/miniconda2/db/kingdom/Bacteria/AMR -evalue 9.99999999999999e-301 -qcov_hsp_perc 90 -num_threads 1 -num_descriptions 1 -num_alignments 1 -seg no > \/home\/mullara\/Week_5\/GCA_000006825\.1_ASM682v1_prokka_output\/GCA_000006825\.1_ASM682v1\.AMR\.tmp\.1320164\.blast 2> /dev/null
[17:53:13] Deleting unwanted file: /home/mullara/Week_5/GCA_000006825.1_ASM682v1_prokka_output/GCA_000006825.1_ASM682v1.AMR.tmp.1320164.faa
[17:53:13] Deleting unwanted file: /home/mullara/Week_5/GCA_000006825.1_ASM682v1_prokka_output/GCA_000006825.1_ASM682v1.AMR.tmp.1320164.blast
[17:53:13] There are still 2027 unannotated CDS left (started with 2028)
[17:53:13] Will use blast to search against /ibex/sw/csi/prokka/1.14.5/conda2/miniconda2/db/kingdom/Bacteria/sprot with 8 CPUs
[17:53:13] Running: cat \/home\/mullara\/Week_5\/GCA_000006825\.1_ASM682v1_prokka_output\/GCA_000006825\.1_ASM682v1\.sprot\.tmp\.1320164\.faa | parallel --gnu --plain -j 8 --block 42494 --recstart '>' --pipe blastp -query - -db /ibex/sw/csi/prokka/1.14.5/conda2/miniconda2/db/kingdom/Bacteria/sprot -evalue 1e-09 -qcov_hsp_perc 80 -num_threads 1 -num_descriptions 1 -num_alignments 1 -seg no > \/home\/mullara\/Week_5\/GCA_000006825\.1_ASM682v1_prokka_output\/GCA_000006825\.1_ASM682v1\.sprot\.tmp\.1320164\.blast 2> /dev/null
[17:53:35] Modify product: Uncharacterized protein YqjD => putative protein YqjD
[17:53:35] Modify product: Uncharacterized oxidoreductase YdgJ => putative oxidoreductase YdgJ
[17:53:35] Modify product: Probable S-adenosyl-L-methionine-dependent methyltransferase TehB => putative S-adenosyl-L-methionine-dependent methyltransferase TehB
[17:53:35] Modify product: Uncharacterized protein YciO => putative protein YciO
[17:53:35] Modify product: Probable bacterial non-heme ferritin => putative bacterial non-heme ferritin
[17:53:35] Modify product: Probable bacterial non-heme ferritin => putative bacterial non-heme ferritin
[17:53:35] Modify product: Universal stress protein E homolog => Universal stress protein E 
[17:53:35] Modify product: UPF0208 membrane protein YfbV => hypothetical protein
[17:53:35] Modify product: Probable ATP-dependent DNA helicase YoaA => putative ATP-dependent DNA helicase YoaA
[17:53:35] Modify product: RNA-binding protein HI_1333 => RNA-binding protein
[17:53:35] Modify product: UPF0111 protein HI_1603 => hypothetical protein
[17:53:35] Modify product: Uncharacterized protein HI_1672 => putative protein
[17:53:35] Modify product: Probable hemoglobin and hemoglobin-haptoglobin-binding protein 2 => putative hemoglobin and hemoglobin-haptoglobin-binding protein 2
[17:53:35] Modify product: Uncharacterized tRNA/rRNA methyltransferase HI_0380 => putative tRNA/rRNA methyltransferase
[17:53:35] Modify product: Co-chaperone protein HscB homolog => Co-chaperone protein HscB 
[17:53:35] Modify product: Uncharacterized protein HI_0828 => putative protein
[17:53:35] Modify product: Uncharacterized acyl-CoA thioester hydrolase HI_0827 => putative acyl-CoA thioester hydrolase
[17:53:35] Modify product: Probable intracellular septation protein A => putative intracellular septation protein A
[17:53:35] Modify product: Probable hemoglobin and hemoglobin-haptoglobin-binding protein 1 => putative hemoglobin and hemoglobin-haptoglobin-binding protein 1
[17:53:35] Modify product: Probable hemoglobin and hemoglobin-haptoglobin-binding protein 1 => putative hemoglobin and hemoglobin-haptoglobin-binding protein 1
[17:53:35] Modify product: Uncharacterized inner membrane transporter YhbE => putative inner membrane transporter YhbE
[17:53:35] Modify product: Uncharacterized inner membrane transporter YhbE => putative inner membrane transporter YhbE
[17:53:35] Modify product: Uncharacterized protein YbfE => putative protein YbfE
[17:53:35] Modify product: UPF0339 protein SO_3888 => hypothetical protein
[17:53:35] Modify product: Stringent starvation protein A homolog => Stringent starvation protein A 
[17:53:35] Modify product: Stringent starvation protein B homolog => Stringent starvation protein B 
[17:53:35] Modify product: UPF0263 protein HI_1450 => hypothetical protein
[17:53:35] Modify product: Epimerase family protein SA0724 => Epimerase family protein
[17:53:35] Modify product: Putative 2-hydroxyacid dehydrogenase HI_1556 => Putative 2-hydroxyacid dehydrogenase
[17:53:35] Modify product: Probable protease SohB => putative protease SohB
[17:53:35] Modify product: Probable ketoamine kinase HMPREF0351_12196 => putative ketoamine kinase
[17:53:35] Modify product: Uncharacterized symporter YidK => putative symporter YidK
[17:53:35] Modify product: Multifunctional alkaline phosphatase superfamily protein pRL90232 => Multifunctional alkaline phosphatase superfamily protein
[17:53:35] Modify product: Probable L-ascorbate-6-phosphate lactonase UlaG => putative L-ascorbate-6-phosphate lactonase UlaG
[17:53:35] Modify product: UPF0382 inner membrane protein YgdD => hypothetical protein
[17:53:35] Modify product: Uncharacterized protein HI_1163 => putative protein
[17:53:35] Modify product: Putative esterase HI_1161 => Putative esterase
[17:53:35] Modify product: Uncharacterized protein YciH => putative protein YciH
[17:53:35] Modify product: Uncharacterized protein HI_0461 => putative protein
[17:53:35] Modify product: Uncharacterized protein HI_1349 => putative protein
[17:53:35] Modify product: UPF0227 protein YcfP => hypothetical protein
[17:53:35] Modify product: UPF0266 membrane protein YobD => hypothetical protein
[17:53:35] Modify product: Uncharacterized ferredoxin-like protein YdhX => putative ferredoxin-like protein YdhX
[17:53:35] Modify product: Uncharacterized protein HI_0933 => putative protein
[17:53:35] Modify product: UPF0056 inner membrane protein MarC => hypothetical protein
[17:53:35] Modify product: Probable formate transporter 1 => putative formate transporter 1
[17:53:35] Modify product: Probable 3-phenylpropionic acid transporter => putative 3-phenylpropionic acid transporter
[17:53:35] Modify product: UPF0265 protein HI_1168 => hypothetical protein
[17:53:35] Modify product: UPF0434 protein YcaR => hypothetical protein
[17:53:35] Modify product: UPF0299 membrane protein YohJ => hypothetical protein
[17:53:35] Modify product: UPF0283 membrane protein YcjF => hypothetical protein
[17:53:35] Modify product: Uncharacterized protein YcjX => putative protein YcjX
[17:53:35] Modify product: UPF0126 inner membrane protein YicG => hypothetical protein
[17:53:35] Modify product: Uncharacterized metal-dependent hydrolase YjjV => putative metal-dependent hydrolase YjjV
[17:53:35] Modify product: Uncharacterized protein HI_0131 => putative protein
[17:53:35] Modify product: Uncharacterized protein HI_0131 => putative protein
[17:53:35] Modify product: Uncharacterized protein HI_0131 => putative protein
[17:53:35] Modify product: Uncharacterized MscS family protein HI_0195.1 => putative MscS family protein.1
[17:53:35] Modify product: Probable membrane transporter protein YfcA => putative membrane transporter protein YfcA
[17:53:35] Modify product: UPF0319 protein HI_1681 => hypothetical protein
[17:53:35] Modify product: Uncharacterized periplasmic iron-binding protein HI_0362 => putative periplasmic iron-binding protein
[17:53:35] Modify product: UPF0231 protein YacL => hypothetical protein
[17:53:35] Modify product: Uncharacterized ABC transporter ATP-binding protein YadG => putative ABC transporter ATP-binding protein YadG
[17:53:35] Modify product: UPF0307 protein YjgA => hypothetical protein
[17:53:35] Modify product: Probable peptidoglycan glycosyltransferase FtsW => putative peptidoglycan glycosyltransferase FtsW
[17:53:35] Modify product: Uncharacterized protein YtfJ => putative protein YtfJ
[17:53:35] Modify product: Uncharacterized hydrolase HI_0588 => putative hydrolase
[17:53:35] Modify product: UPF0125 protein HI_0395 => hypothetical protein
[17:53:35] Modify product: Probable ribosomal oxygenase HI_0396 => putative ribosomal oxygenase
[17:53:35] Modify product: Uncharacterized protein HI_1082 => putative protein
[17:53:35] Modify product: GTP cyclohydrolase 1 type 2 homolog => GTP cyclohydrolase 1 type 2 
[17:53:35] Modify product: Uncharacterized protein HI_0131 => putative protein
[17:53:35] Modify product: UPF0276 protein CCNA_03364 => hypothetical protein
[17:53:35] Modify product: Probable D,D-dipeptide transport ATP-binding protein DdpF => putative D,D-dipeptide transport ATP-binding protein DdpF
[17:53:35] Modify product: Uncharacterized protein HI_0246 => putative protein
[17:53:35] Modify product: Probable transcriptional regulatory protein HI_0315 => putative transcriptional regulatory protein
[17:53:35] Modify product: Uncharacterized sugar transferase EpsL => putative sugar transferase EpsL
[17:53:35] Modify product: Probable low molecular weight protein-tyrosine-phosphatase AmsI => putative low molecular weight protein-tyrosine-phosphatase AmsI
[17:53:35] Modify product: Uncharacterized protein HI_0103 => putative protein
[17:53:35] Modify product: Uncharacterized protein HI_1457 => putative protein
[17:53:35] Modify product: UPF0053 inner membrane protein YgdQ => hypothetical protein
[17:53:35] Modify product: UPF0381 protein YiiS => hypothetical protein
[17:53:35] Modify product: Probable phosphomannomutase => putative phosphomannomutase
[17:53:35] Modify product: Probable TonB-dependent receptor NMB0964 => putative TonB-dependent receptor
[17:53:35] Modify product: Uncharacterized membrane protein YhdT => putative membrane protein YhdT
[17:53:35] Modify product: Uncharacterized GST-like protein YibF => putative GST-like protein YibF
[17:53:35] Modify product: UPF0716 protein FxsA => hypothetical protein
[17:53:35] Modify product: Putative binding protein HI_1525 => Putative binding protein
[17:53:35] Modify product: Probable nicotinate-nucleotide pyrophosphorylase [carboxylating] => putative nicotinate-nucleotide pyrophosphorylase [carboxylating]
[17:53:35] Modify product: Lipoprotein NlpI homolog => Lipoprotein NlpI 
[17:53:35] Modify product: Uncharacterized protein YfgD => putative protein YfgD
[17:53:35] Modify product: Uncharacterized HTH-type transcriptional regulator HI_0893 => putative HTH-type transcriptional regulator
[17:53:35] Modify product: Uncharacterized ABC transporter ATP-binding protein HI_1470 => putative ABC transporter ATP-binding protein
[17:53:35] Modify product: Probable ABC transporter permease protein HI_1471 => putative ABC transporter permease protein
[17:53:35] Modify product: Uncharacterized protein HI_1472 => putative protein
[17:53:35] Modify product: UPF0758 protein SP_1088 => hypothetical protein
[17:53:35] Modify product: GTP-binding protein TypA/BipA homolog => GTP-binding protein TypA/BipA 
[17:53:35] Modify product: UPF0053 protein HI_0107 => hypothetical protein
[17:53:36] Modify product: Uncharacterized protein HI_1048 => putative protein
[17:53:36] Modify product: Uncharacterized protein YhaZ => putative protein YhaZ
[17:53:36] Modify product: Uncharacterized oxidoreductase YjhC => putative oxidoreductase YjhC
[17:53:36] Modify product: Uncharacterized oxidoreductase YjhC => putative oxidoreductase YjhC
[17:53:36] Modify product: Probable transport protein HsrA => putative transport protein HsrA
[17:53:36] Modify product: UPF0438 protein HI_0847 => hypothetical protein
[17:53:36] Modify product: Uncharacterized tRNA/rRNA methyltransferase YfiF => putative tRNA/rRNA methyltransferase YfiF
[17:53:36] Modify product: Uncharacterized ferredoxin-like protein HI_0527 => putative ferredoxin-like protein
[17:53:36] Modify product: UPF0761 membrane protein YihY => hypothetical protein
[17:53:36] Modify product: UPF0225 protein YchJ => hypothetical protein
[17:53:36] Modify product: Uncharacterized protein HI_1028 => putative protein
[17:53:36] Modify product: UPF0234 protein HI_1034 => hypothetical protein
[17:53:36] Modify product: Probable lipid II flippase MurJ => putative lipid II flippase MurJ
[17:53:36] Modify product: Uncharacterized protein HI_1008 => putative protein
[17:53:36] Modify product: UPF0145 protein YbjQ => hypothetical protein
[17:53:36] Modify product: Uncharacterized metal-dependent hydrolase YcfH => putative metal-dependent hydrolase YcfH
[17:53:36] Modify product: UPF0053 inner membrane protein YtfL => hypothetical protein
[17:53:36] Modify product: Probable protein kinase UbiB => putative protein kinase UbiB
[17:53:36] Modify product: Probable glycerol-3-phosphate acyltransferase => putative glycerol-3-phosphate acyltransferase
[17:53:36] Modify product: Uncharacterized protein HI_0227 => putative protein
[17:53:36] Modify product: UPF0149 protein HI_0817 => hypothetical protein
[17:53:36] Modify product: Probable D-methionine-binding lipoprotein MetQ => putative D-methionine-binding lipoprotein MetQ
[17:53:36] Modify product: Uncharacterized protein HI_0431 => putative protein
[17:53:36] Modify product: UPF0304 protein YfbU => hypothetical protein
[17:53:36] Modify product: Uncharacterized protein HI_0755 => putative protein
[17:53:36] Modify product: Probable GTP-binding protein EngB => putative GTP-binding protein EngB
[17:53:36] Modify product: Uncharacterized protein HI_0461 => putative protein
[17:53:36] Modify product: TPR repeat-containing protein NMB0313 => TPR repeat-containing protein
[17:53:36] Modify product: UPF0056 inner membrane protein YhgN => hypothetical protein
[17:53:36] Modify product: Uncharacterized ABC transporter ATP-binding protein HI_0658 => putative ABC transporter ATP-binding protein
[17:53:36] Modify product: Uncharacterized peptidase Lmo0363 => putative peptidase
[17:53:36] Modify product: Uncharacterized sugar kinase YdjH => putative sugar kinase YdjH
[17:53:36] Modify product: Probable fructose-bisphosphate aldolase => putative fructose-bisphosphate aldolase
[17:53:36] Modify product: Probable TonB-dependent receptor NMB0964 => putative TonB-dependent receptor
[17:53:36] Modify product: Shikimate dehydrogenase-like protein HI_0607 => Shikimate dehydrogenase-like protein
[17:53:36] Modify product: Uncharacterized protein YibN => putative protein YibN
[17:53:36] Modify product: UPF0267 protein HI_1394 => hypothetical protein
[17:53:36] Modify product: Uncharacterized protein HI_0131 => putative protein
[17:53:36] Modify product: UPF0324 inner membrane protein YeiH => hypothetical protein
[17:53:36] Modify product: RutC family protein HI_0719 => RutC family protein
[17:53:36] Modify product: UPF0098 protein CT_736 => hypothetical protein
[17:53:36] Modify product: Probable ABC transporter ATP-binding/permease protein HI_0664 => putative ABC transporter ATP-binding/permease protein
[17:53:36] Modify product: Probable metallo-hydrolase BURPS1710b_2304 => putative metallo-hydrolase
[17:53:36] Modify product: Uncharacterized protein HI_1028 => putative protein
[17:53:36] Modify product: Uncharacterized protein HI_0227 => putative protein
[17:53:36] Modify product: Putative thiamine biosynthesis protein HI_0357 => Putative thiamine biosynthesis protein
[17:53:36] Modify product: Universal stress protein A homolog => Universal stress protein A 
[17:53:36] Modify product: Probable ABC transporter permease protein HI_1471 => putative ABC transporter permease protein
[17:53:36] Modify product: Uncharacterized ABC transporter ATP-binding protein HI_1470 => putative ABC transporter ATP-binding protein
[17:53:36] Modify product: UPF0235 protein YggU => hypothetical protein
[17:53:36] Modify product: Uncharacterized protein HI_0341 => putative protein
[17:53:36] Modify product: Cytochrome b561 homolog 1 => Cytochrome b561 
[17:53:36] Modify product: Probable Fe(2+)-trafficking protein => putative Fe(2+)-trafficking protein
[17:53:36] Modify product: Probable FKBP-type peptidyl-prolyl cis-trans isomerase => putative FKBP-type peptidyl-prolyl cis-trans isomerase
[17:53:36] Modify product: UPF0070 protein HI_0370 => hypothetical protein
[17:53:36] Modify product: UPF0301 protein HD_1794 => hypothetical protein
[17:53:36] Modify product: UPF0701 protein HI_0467 => hypothetical protein
[17:53:36] Modify product: UPF0352 protein HI_0840 => hypothetical protein
[17:53:36] Modify product: Uncharacterized protein HI_0291 => putative protein
[17:53:36] Modify product: Probable copper-transporting ATPase PacS => putative copper-transporting ATPase PacS
[17:53:36] Modify product: UPF0442 protein YjjB => hypothetical protein
[17:53:36] Modify product: Uncharacterized protein HI_1552 => putative protein
[17:53:36] Modify product: UPF0250 protein HI_0028 => hypothetical protein
[17:53:36] Modify product: Bifunctional protein FolD => Bifunctional protein FolD protein
[17:53:36] Cleaned 162 /product names
[17:53:36] Deleting unwanted file: /home/mullara/Week_5/GCA_000006825.1_ASM682v1_prokka_output/GCA_000006825.1_ASM682v1.sprot.tmp.1320164.faa
[17:53:36] Deleting unwanted file: /home/mullara/Week_5/GCA_000006825.1_ASM682v1_prokka_output/GCA_000006825.1_ASM682v1.sprot.tmp.1320164.blast
[17:53:36] There are still 491 unannotated CDS left (started with 2028)
[17:53:36] Will use hmmer3 to search against /ibex/sw/csi/prokka/1.14.5/conda2/miniconda2/db/hmm/HAMAP.hmm with 8 CPUs
[17:53:36] Running: cat \/home\/mullara\/Week_5\/GCA_000006825\.1_ASM682v1_prokka_output\/GCA_000006825\.1_ASM682v1\.HAMAP\.hmm\.tmp\.1320164\.faa | parallel --gnu --plain -j 8 --block 9227 --recstart '>' --pipe hmmscan --noali --notextw --acc -E 1e-09 --cpu 1 /ibex/sw/csi/prokka/1.14.5/conda2/miniconda2/db/hmm/HAMAP.hmm /dev/stdin > \/home\/mullara\/Week_5\/GCA_000006825\.1_ASM682v1_prokka_output\/GCA_000006825\.1_ASM682v1\.HAMAP\.hmm\.tmp\.1320164\.hmmer3 2> /dev/null
[17:53:39] Deleting unwanted file: /home/mullara/Week_5/GCA_000006825.1_ASM682v1_prokka_output/GCA_000006825.1_ASM682v1.HAMAP.hmm.tmp.1320164.faa
[17:53:39] Deleting unwanted file: /home/mullara/Week_5/GCA_000006825.1_ASM682v1_prokka_output/GCA_000006825.1_ASM682v1.HAMAP.hmm.tmp.1320164.hmmer3
[17:53:39] Labelling remaining 433 proteins as 'hypothetical protein'
[17:53:39] Possible /pseudo 'Spermidine/putrescine-binding periplasmic protein' at AE004439.1 position 293957
[17:53:39] Possible /pseudo 'putative hemoglobin and hemoglobin-haptoglobin-binding protein 1' at AE004439.1 position 393756
[17:53:39] Possible /pseudo 'putative inner membrane transporter YhbE' at AE004439.1 position 411218
[17:53:39] Possible /pseudo 'Manganese transport system membrane protein MntB' at AE004439.1 position 466600
[17:53:39] Possible /pseudo 'Formate dehydrogenase, nitrate-inducible, major subunit' at AE004439.1 position 478737
[17:53:39] Possible /pseudo 'putative bacterial non-heme ferritin' at AE004439.1 position 776438
[17:53:39] Possible /pseudo 'Peptidyl-prolyl cis-trans isomerase B' at AE004439.1 position 1114825
[17:53:39] Possible /pseudo 'putative protein' at AE004439.1 position 1125304
[17:53:39] Possible /pseudo 'putative protein' at AE004439.1 position 1126339
[17:53:39] Possible /pseudo 'Homoprotocatechuate catabolism bifunctional isomerase/decarboxylase' at AE004439.1 position 1728039
[17:53:39] Possible /pseudo 'Thiol:disulfide interchange protein DsbD' at AE004439.1 position 1913905
[17:53:39] Found 1392 unique /gene codes.
[17:53:39] Fixed 2 duplicate /gene - kynB_1 kynB_2
[17:53:39] Fixed 2 duplicate /gene - ompA_1 ompA_2
[17:53:39] Fixed 2 duplicate /gene - rbsA_1 rbsA_2
[17:53:39] Fixed 2 duplicate /gene - hisC_1 hisC_2
[17:53:39] Fixed 3 duplicate /gene - dsbD_1 dsbD_2 dsbD_3
[17:53:39] Fixed 2 duplicate /gene - glpR_1 glpR_2
[17:53:39] Fixed 2 duplicate /gene - fbaA_1 fbaA_2
[17:53:39] Fixed 2 duplicate /gene - oppA_1 oppA_2
[17:53:39] Fixed 2 duplicate /gene - tolQ_1 tolQ_2
[17:53:39] Fixed 2 duplicate /gene - yeaD_1 yeaD_2
[17:53:39] Fixed 2 duplicate /gene - bioD1_1 bioD1_2
[17:53:39] Fixed 3 duplicate /gene - lolD_1 lolD_2 lolD_3
[17:53:39] Fixed 2 duplicate /gene - tufB_1 tufB_2
[17:53:39] Fixed 2 duplicate /gene - rluA_1 rluA_2
[17:53:39] Fixed 4 duplicate /gene - btuD_1 btuD_2 btuD_3 btuD_4
[17:53:39] Fixed 3 duplicate /gene - potD_1 potD_2 potD_3
[17:53:39] Fixed 2 duplicate /gene - atpH_1 atpH_2
[17:53:39] Fixed 2 duplicate /gene - fdnG_1 fdnG_2
[17:53:39] Fixed 2 duplicate /gene - ftnA_1 ftnA_2
[17:53:39] Fixed 2 duplicate /gene - dsbE_1 dsbE_2
[17:53:39] Fixed 3 duplicate /gene - mntB_1 mntB_2 mntB_3
[17:53:39] Fixed 2 duplicate /gene - ygbN_1 ygbN_2
[17:53:39] Fixed 2 duplicate /gene - hutZ_1 hutZ_2
[17:53:39] Fixed 2 duplicate /gene - cydD_1 cydD_2
[17:53:39] Fixed 3 duplicate /gene - COQ5_1 COQ5_2 COQ5_3
[17:53:39] Fixed 2 duplicate /gene - yhbE_1 yhbE_2
[17:53:39] Fixed 2 duplicate /gene - gmhA_1 gmhA_2
[17:53:39] Fixed 2 duplicate /gene - xerC_1 xerC_2
[17:53:39] Fixed 4 duplicate /gene - potA_1 potA_2 potA_3 potA_4
[17:53:39] Fixed 2 duplicate /gene - alsT_1 alsT_2
[17:53:39] Fixed 2 duplicate /gene - rapA_1 rapA_2
[17:53:39] Fixed 3 duplicate /gene - rbsC_1 rbsC_2 rbsC_3
[17:53:39] Fixed 2 duplicate /gene - cra_1 cra_2
[17:53:39] Fixed 2 duplicate /gene - neuA_1 neuA_2
[17:53:39] Fixed 2 duplicate /gene - rbsB_1 rbsB_2
[17:53:39] Fixed 2 duplicate /gene - bcr_1 bcr_2
[17:53:39] Fixed 2 duplicate /gene - msbA_1 msbA_2
[17:53:39] Fixed 2 duplicate /gene - tolR_1 tolR_2
[17:53:39] Fixed 2 duplicate /gene - chuR_1 chuR_2
[17:53:39] Fixed 2 duplicate /gene - hpcE_1 hpcE_2
[17:53:39] Fixed 2 duplicate /gene - ppiB_1 ppiB_2
[17:53:39] Fixed 2 duplicate /gene - tyrP_1 tyrP_2
[17:53:39] Fixed 2 duplicate /gene - sgbH_1 sgbH_2
[17:53:39] Fixed 2 duplicate /gene - yjhC_1 yjhC_2
[17:53:39] Fixed 2 duplicate /gene - topA_1 topA_2
[17:53:39] Fixed 2 duplicate /gene - cas1_1 cas1_2
[17:53:39] Fixed 2 duplicate /gene - xylG_1 xylG_2
[17:53:39] Fixed 2 duplicate /gene - lapB_1 lapB_2
[17:53:39] Fixed 2 duplicate /gene - siaT_1 siaT_2
[17:53:39] Fixed 3 duplicate /gene - dcuD_1 dcuD_2 dcuD_3
[17:53:39] Fixed 2 duplicate /gene - mtr_1 mtr_2
[17:53:39] Fixed 2 duplicate /gene - tpiA_1 tpiA_2
[17:53:39] Fixed 2 duplicate /gene - napF_1 napF_2
[17:53:39] Fixed 2 duplicate /gene - era_1 era_2
[17:53:39] Fixed 2 duplicate /gene - putP_1 putP_2
[17:53:39] Fixed 2 duplicate /gene - tktA_1 tktA_2
[17:53:39] Fixed 3 duplicate /gene - dctM_1 dctM_2 dctM_3
[17:53:39] Fixed 5 duplicate /gene - btuB_1 btuB_2 btuB_3 btuB_4 btuB_5
[17:53:39] Fixed 2 duplicate /gene - ccmF_1 ccmF_2
[17:53:39] Fixed 2 duplicate /gene - sdcS_1 sdcS_2
[17:53:39] Fixed 2 duplicate /gene - fhaC_1 fhaC_2
[17:53:39] Fixed 2 duplicate /gene - metR_1 metR_2
[17:53:39] Fixed 2 duplicate /gene - sapB_1 sapB_2
[17:53:39] Fixed 63 colliding /gene names.
[17:53:39] Adding /locus_tag identifiers
[17:53:39] Assigned 2105 locus_tags to CDS and RNA features.
[17:53:39] Writing outputs to /home/mullara/Week_5/GCA_000006825.1_ASM682v1_prokka_output/
[17:53:41] Generating annotation statistics file
[17:53:41] Generating Genbank and Sequin files
[17:53:41] Running: tbl2asn -V b -a r10k -l paired-ends -M n -N 1 -y 'Annotated using prokka 1.14.6 from https://github.com/tseemann/prokka' -Z \/home\/mullara\/Week_5\/GCA_000006825\.1_ASM682v1_prokka_output\/GCA_000006825\.1_ASM682v1\.err -i \/home\/mullara\/Week_5\/GCA_000006825\.1_ASM682v1_prokka_output\/GCA_000006825\.1_ASM682v1\.fsa 2> /dev/null
[17:53:44] Deleting unwanted file: /home/mullara/Week_5/GCA_000006825.1_ASM682v1_prokka_output/errorsummary.val
[17:53:44] Deleting unwanted file: /home/mullara/Week_5/GCA_000006825.1_ASM682v1_prokka_output/GCA_000006825.1_ASM682v1.dr
[17:53:44] Deleting unwanted file: /home/mullara/Week_5/GCA_000006825.1_ASM682v1_prokka_output/GCA_000006825.1_ASM682v1.fixedproducts
[17:53:44] Deleting unwanted file: /home/mullara/Week_5/GCA_000006825.1_ASM682v1_prokka_output/GCA_000006825.1_ASM682v1.ecn
[17:53:44] Deleting unwanted file: /home/mullara/Week_5/GCA_000006825.1_ASM682v1_prokka_output/GCA_000006825.1_ASM682v1.val
[17:53:44] Repairing broken .GBK output that tbl2asn produces...
[17:53:44] Running: sed 's/COORDINATES: profile/COORDINATES:profile/' < \/home\/mullara\/Week_5\/GCA_000006825\.1_ASM682v1_prokka_output\/GCA_000006825\.1_ASM682v1\.gbf > \/home\/mullara\/Week_5\/GCA_000006825\.1_ASM682v1_prokka_output\/GCA_000006825\.1_ASM682v1\.gbk
[17:53:44] Deleting unwanted file: /home/mullara/Week_5/GCA_000006825.1_ASM682v1_prokka_output/GCA_000006825.1_ASM682v1.gbf
[17:53:44] Output files:
[17:53:44] /home/mullara/Week_5/GCA_000006825.1_ASM682v1_prokka_output/GCA_000006825.1_ASM682v1.log
[17:53:44] /home/mullara/Week_5/GCA_000006825.1_ASM682v1_prokka_output/GCA_000006825.1_ASM682v1.fna
[17:53:44] /home/mullara/Week_5/GCA_000006825.1_ASM682v1_prokka_output/GCA_000006825.1_ASM682v1.gff
[17:53:44] /home/mullara/Week_5/GCA_000006825.1_ASM682v1_prokka_output/GCA_000006825.1_ASM682v1.faa
[17:53:44] /home/mullara/Week_5/GCA_000006825.1_ASM682v1_prokka_output/GCA_000006825.1_ASM682v1.ffn
[17:53:44] /home/mullara/Week_5/GCA_000006825.1_ASM682v1_prokka_output/GCA_000006825.1_ASM682v1.tbl
[17:53:44] /home/mullara/Week_5/GCA_000006825.1_ASM682v1_prokka_output/GCA_000006825.1_ASM682v1.fsa
[17:53:44] /home/mullara/Week_5/GCA_000006825.1_ASM682v1_prokka_output/GCA_000006825.1_ASM682v1.tsv
[17:53:44] /home/mullara/Week_5/GCA_000006825.1_ASM682v1_prokka_output/GCA_000006825.1_ASM682v1.txt
[17:53:44] /home/mullara/Week_5/GCA_000006825.1_ASM682v1_prokka_output/GCA_000006825.1_ASM682v1.gbk
[17:53:44] /home/mullara/Week_5/GCA_000006825.1_ASM682v1_prokka_output/GCA_000006825.1_ASM682v1.sqn
[17:53:44] /home/mullara/Week_5/GCA_000006825.1_ASM682v1_prokka_output/GCA_000006825.1_ASM682v1.err
[17:53:44] Annotation finished successfully.
[17:53:44] Walltime used: 0.83 minutes
[17:53:44] If you use this result please cite the Prokka paper:
[17:53:44] Seemann T (2014) Prokka: rapid prokaryotic genome annotation. Bioinformatics. 30(14):2068-9.
[17:53:44] Type 'prokka --citation' for more details.
[17:53:44] Thank you, come again.
