[18:01:34] This is prokka 1.14.6
[18:01:34] Written by Torsten Seemann <torsten.seemann@gmail.com>
[18:01:34] Homepage is https://github.com/tseemann/prokka
[18:01:34] Local time is Thu Oct  3 18:01:34 2024
[18:01:34] You are mullara
[18:01:34] Operating system is linux
[18:01:34] You have BioPerl 1.007002
[18:01:34] System has 40 cores.
[18:01:34] Will use maximum of 8 cores.
[18:01:34] Annotating as >>> Bacteria <<<
[18:01:34] Generating locus_tag from '/home/mullara/Week_5/GCA_000008605.1_ASM860v1_genomic.fna' contents.
[18:01:34] Setting --locustag AFMNAGNA from MD5 af67a07aa1e6034637f726dd18274d48
[18:01:34] Creating new output folder: /home/mullara/Week_5/GCA_000008605.1_ASM860v1_prokka_output
[18:01:34] Running: mkdir -p \/home\/mullara\/Week_5\/GCA_000008605\.1_ASM860v1_prokka_output
[18:01:34] Using filename prefix: GCA_000008605.1_ASM860v1.XXX
[18:01:34] Setting HMMER_NCPU=1
[18:01:34] Writing log to: /home/mullara/Week_5/GCA_000008605.1_ASM860v1_prokka_output/GCA_000008605.1_ASM860v1.log
[18:01:34] Command: /ibex/sw/csi/prokka/1.14.5/conda2/miniconda2/bin/prokka --outdir /home/mullara/Week_5/GCA_000008605.1_ASM860v1_prokka_output --prefix GCA_000008605.1_ASM860v1 /home/mullara/Week_5/GCA_000008605.1_ASM860v1_genomic.fna
[18:01:34] Appending to PATH: /ibex/sw/csi/prokka/1.14.5/conda2/miniconda2/bin
[18:01:34] Looking for 'aragorn' - found /ibex/sw/csi/prokka/1.14.5/conda2/miniconda2/bin/aragorn
[18:01:34] Determined aragorn version is 001002 from 'ARAGORN v1.2.38 Dean Laslett'
[18:01:34] Looking for 'barrnap' - found /ibex/sw/csi/prokka/1.14.5/conda2/miniconda2/bin/barrnap
[18:01:34] Determined barrnap version is 000009 from 'barrnap 0.9'
[18:01:34] Looking for 'blastp' - found /ibex/sw/csi/prokka/1.14.5/conda2/miniconda2/bin/blastp
[18:01:35] Determined blastp version is 002010 from 'blastp: 2.10.1+'
[18:01:35] Looking for 'cmpress' - found /ibex/sw/csi/prokka/1.14.5/conda2/miniconda2/bin/cmpress
[18:01:35] Determined cmpress version is 001001 from '# INFERNAL 1.1.3 (Nov 2019)'
[18:01:35] Looking for 'cmscan' - found /ibex/sw/csi/prokka/1.14.5/conda2/miniconda2/bin/cmscan
[18:01:35] Determined cmscan version is 001001 from '# INFERNAL 1.1.3 (Nov 2019)'
[18:01:35] Looking for 'egrep' - found /usr/bin/egrep
[18:01:35] Looking for 'find' - found /usr/bin/find
[18:01:35] Looking for 'grep' - found /usr/bin/grep
[18:01:35] Looking for 'hmmpress' - found /ibex/sw/csi/prokka/1.14.5/conda2/miniconda2/bin/hmmpress
[18:01:35] Determined hmmpress version is 003003 from '# HMMER 3.3.2 (Nov 2020); http://hmmer.org/'
[18:01:35] Looking for 'hmmscan' - found /ibex/sw/csi/prokka/1.14.5/conda2/miniconda2/bin/hmmscan
[18:01:35] Determined hmmscan version is 003003 from '# HMMER 3.3.2 (Nov 2020); http://hmmer.org/'
[18:01:35] Looking for 'java' - found /ibex/sw/csi/prokka/1.14.5/conda2/miniconda2/bin/java
[18:01:35] Looking for 'makeblastdb' - found /ibex/sw/csi/prokka/1.14.5/conda2/miniconda2/bin/makeblastdb
[18:01:35] Determined makeblastdb version is 002010 from 'makeblastdb: 2.10.1+'
[18:01:35] Looking for 'minced' - found /ibex/sw/csi/prokka/1.14.5/conda2/miniconda2/bin/minced
[18:01:35] Determined minced version is 004002 from 'minced 0.4.2'
[18:01:35] Looking for 'parallel' - found /ibex/sw/csi/prokka/1.14.5/conda2/miniconda2/bin/parallel
[18:01:35] Determined parallel version is 20201122 from 'GNU parallel 20201122'
[18:01:35] Looking for 'prodigal' - found /ibex/sw/csi/prokka/1.14.5/conda2/miniconda2/bin/prodigal
[18:01:35] Determined prodigal version is 002006 from 'Prodigal V2.6.3: February, 2016'
[18:01:35] Looking for 'prokka-genbank_to_fasta_db' - found /ibex/sw/csi/prokka/1.14.5/conda2/miniconda2/bin/prokka-genbank_to_fasta_db
[18:01:35] Looking for 'sed' - found /usr/bin/sed
[18:01:35] Looking for 'tbl2asn' - found /ibex/sw/csi/prokka/1.14.5/conda2/miniconda2/bin/tbl2asn
[18:01:35] Determined tbl2asn version is 025007 from 'tbl2asn 25.7   arguments:'
[18:01:35] Using genetic code table 11.
[18:01:35] Loading and checking input file: /home/mullara/Week_5/GCA_000008605.1_ASM860v1_genomic.fna
[18:01:35] Wrote 1 contigs totalling 1138011 bp.
[18:01:35] Predicting tRNAs and tmRNAs
[18:01:35] Running: aragorn -l -gc11  -w \/home\/mullara\/Week_5\/GCA_000008605\.1_ASM860v1_prokka_output\/GCA_000008605\.1_ASM860v1\.fna
[18:01:35] 1 tRNA-Ser c[24338,24425] 35 (gga)
[18:01:35] 2 tRNA-Ser c[24482,24570] 35 (cga)
[18:01:35] 3 tRNA-Arg c[24627,24702] 36 (gcg)
[18:01:35] 4 tRNA-Ser c[24732,24820] 36 (gct)
[18:01:35] 5 tRNA-Ser c[24859,24944] 35 (tga)
[18:01:35] 6 tRNA-Gln [124900,124970] 33 (ctg)
[18:01:35] 7 tRNA-Glu [124979,125052] 35 (ttc)
[18:01:35] 8 tRNA-Glu [125087,125160] 35 (ctc)
[18:01:35] 9 tRNA-Val [156596,156668] 34 (tac)
[18:01:35] 10 tRNA-Leu c[167948,168031] 36 (gag)
[18:01:35] 11 tRNA-Met [189892,189964] 34 (cat)
[18:01:35] 12 tRNA-Ile [231761,231835] 35 (gat)
[18:01:35] 13 tRNA-Thr [241889,241961] 34 (ggt)
[18:01:35] 14 tRNA-Trp [242214,242288] 35 (cca)
[18:01:35] 15 tmRNA [276533,276884] 85,123 ANSDSFDYALAA*
[18:01:35] 16 tRNA-Ala [280194,280267] 35 (tgc)
[18:01:35] 17 tRNA-Leu c[351812,351894] 35 (caa)
[18:01:35] 18 tRNA-Gly c[353846,353919] 35 (tcc)
[18:01:35] 19 tRNA-Gln [395662,395736] 34 (ttg)
[18:01:35] 20 tRNA-Thr [523524,523598] 36 (tgt)
[18:01:35] 21 tRNA-Tyr [523608,523690] 35 (gta)
[18:01:35] 22 tRNA-Lys [540756,540828] 34 (ctt)
[18:01:35] 23 tRNA-Leu [540887,540969] 36 (tag)
[18:01:35] 24 tRNA-Gly [540979,541050] 33 (gcc)
[18:01:35] 25 tRNA-Asn [581428,581502] 35 (gtt)
[18:01:35] 26 tRNA-Cys c[598767,598838] 33 (gca)
[18:01:35] 27 tRNA-Arg [642154,642226] 34 (cct)
[18:01:35] 28 tRNA-Pro c[642237,642311] 33 (cgg)
[18:01:35] 29 tRNA-Asp c[642361,642437] 36 (gtc)
[18:01:35] 30 tRNA-Met c[642505,642579] 35 (cat)
[18:01:35] 31 tRNA-Arg [658290,658363] 35 (ccg)
[18:01:35] 32 tRNA-Arg c[697383,697457] 35 (tcg)
[18:01:35] 33 tRNA-His c[697471,697543] 33 (gtg)
[18:01:35] 34 tRNA-Phe [697680,697752] 34 (gaa)
[18:01:35] 35 tRNA-Pro [729844,729916] 34 (tgg)
[18:01:35] 36 tRNA-Arg [734239,734312] 35 (tct)
[18:01:35] 37 tRNA-Val [742467,742538] 33 (cac)
[18:01:35] 38 tRNA-Met c[760021,760094] 35 (cat)
[18:01:35] 39 tRNA-Pro [767249,767322] 35 (ggg)
[18:01:35] 40 tRNA-Lys c[841805,841879] 35 (ttt)
[18:01:35] 41 tRNA-Leu [842022,842106] 35 (cag)
[18:01:35] 42 tRNA-Ala [1002824,1002897] 34 (cgc)
[18:01:35] 43 tRNA-Thr c[1005434,1005506] 34 (cgt)
[18:01:35] 44 tRNA-Val [1017521,1017594] 35 (gac)
[18:01:35] 45 tRNA-Leu c[1078378,1078463] 35 (taa)
[18:01:35] 46 tRNA-Ala c[1082508,1082584] 36 (ggc)
[18:01:35] Found 46 tRNAs
[18:01:35] Predicting Ribosomal RNAs
[18:01:35] Running Barrnap with 8 threads
[18:01:36] 1 AE000520.1 230104 16S ribosomal RNA
[18:01:36] 2 AE000520.1 231946 23S ribosomal RNA
[18:01:36] 3 AE000520.1 234949 5S ribosomal RNA
[18:01:36] 4 AE000520.1 278537 16S ribosomal RNA
[18:01:36] 5 AE000520.1 280390 23S ribosomal RNA
[18:01:36] 6 AE000520.1 283393 5S ribosomal RNA
[18:01:36] Found 6 rRNAs
[18:01:36] Skipping ncRNA search, enable with --rfam if desired.
[18:01:36] Total of 51 tRNA + rRNA features
[18:01:36] Searching for CRISPR repeats
[18:01:36] Found 0 CRISPRs
[18:01:36] Predicting coding sequences
[18:01:36] Contigs total 1138011 bp, so using single mode
[18:01:36] Running: prodigal -i \/home\/mullara\/Week_5\/GCA_000008605\.1_ASM860v1_prokka_output\/GCA_000008605\.1_ASM860v1\.fna -c -m -g 11 -p single -f sco -q
[18:01:39] Excluding CDS which overlaps existing RNA (tRNA) at AE000520.1:350288..352012 on + strand
[18:01:39] Excluding CDS which overlaps existing RNA (tRNA) at AE000520.1:395629..396366 on + strand
[18:01:39] Excluding CDS which overlaps existing RNA (tRNA) at AE000520.1:540681..541118 on + strand
[18:01:39] Excluding CDS which overlaps existing RNA (tRNA) at AE000520.1:642453..642608 on - strand
[18:01:39] Excluding CDS which overlaps existing RNA (tRNA) at AE000520.1:697323..697529 on - strand
[18:01:39] Excluding CDS which overlaps existing RNA (tRNA) at AE000520.1:734274..735461 on - strand
[18:01:39] Excluding CDS which overlaps existing RNA (tRNA) at AE000520.1:840597..841829 on - strand
[18:01:39] Excluding CDS which overlaps existing RNA (tRNA) at AE000520.1:1080870..1082546 on - strand
[18:01:39] Found 1001 CDS
[18:01:39] Connecting features back to sequences
[18:01:39] Not using genus-specific database. Try --usegenus to enable it.
[18:01:39] Annotating CDS, please be patient.
[18:01:39] Will use 8 CPUs for similarity searching.
[18:01:40] There are still 1001 unannotated CDS left (started with 1001)
[18:01:40] Will use blast to search against /ibex/sw/csi/prokka/1.14.5/conda2/miniconda2/db/kingdom/Bacteria/IS with 8 CPUs
[18:01:40] Running: cat \/home\/mullara\/Week_5\/GCA_000008605\.1_ASM860v1_prokka_output\/GCA_000008605\.1_ASM860v1\.IS\.tmp\.2361603\.faa | parallel --gnu --plain -j 8 --block 22076 --recstart '>' --pipe blastp -query - -db /ibex/sw/csi/prokka/1.14.5/conda2/miniconda2/db/kingdom/Bacteria/IS -evalue 1e-30 -qcov_hsp_perc 90 -num_threads 1 -num_descriptions 1 -num_alignments 1 -seg no > \/home\/mullara\/Week_5\/GCA_000008605\.1_ASM860v1_prokka_output\/GCA_000008605\.1_ASM860v1\.IS\.tmp\.2361603\.blast 2> /dev/null
[18:01:43] Deleting unwanted file: /home/mullara/Week_5/GCA_000008605.1_ASM860v1_prokka_output/GCA_000008605.1_ASM860v1.IS.tmp.2361603.faa
[18:01:43] Deleting unwanted file: /home/mullara/Week_5/GCA_000008605.1_ASM860v1_prokka_output/GCA_000008605.1_ASM860v1.IS.tmp.2361603.blast
[18:01:43] There are still 1001 unannotated CDS left (started with 1001)
[18:01:43] Will use blast to search against /ibex/sw/csi/prokka/1.14.5/conda2/miniconda2/db/kingdom/Bacteria/AMR with 8 CPUs
[18:01:43] Running: cat \/home\/mullara\/Week_5\/GCA_000008605\.1_ASM860v1_prokka_output\/GCA_000008605\.1_ASM860v1\.AMR\.tmp\.2361603\.faa | parallel --gnu --plain -j 8 --block 22076 --recstart '>' --pipe blastp -query - -db /ibex/sw/csi/prokka/1.14.5/conda2/miniconda2/db/kingdom/Bacteria/AMR -evalue 9.99999999999999e-301 -qcov_hsp_perc 90 -num_threads 1 -num_descriptions 1 -num_alignments 1 -seg no > \/home\/mullara\/Week_5\/GCA_000008605\.1_ASM860v1_prokka_output\/GCA_000008605\.1_ASM860v1\.AMR\.tmp\.2361603\.blast 2> /dev/null
[18:01:46] Deleting unwanted file: /home/mullara/Week_5/GCA_000008605.1_ASM860v1_prokka_output/GCA_000008605.1_ASM860v1.AMR.tmp.2361603.faa
[18:01:46] Deleting unwanted file: /home/mullara/Week_5/GCA_000008605.1_ASM860v1_prokka_output/GCA_000008605.1_ASM860v1.AMR.tmp.2361603.blast
[18:01:46] There are still 1001 unannotated CDS left (started with 1001)
[18:01:46] Will use blast to search against /ibex/sw/csi/prokka/1.14.5/conda2/miniconda2/db/kingdom/Bacteria/sprot with 8 CPUs
[18:01:46] Running: cat \/home\/mullara\/Week_5\/GCA_000008605\.1_ASM860v1_prokka_output\/GCA_000008605\.1_ASM860v1\.sprot\.tmp\.2361603\.faa | parallel --gnu --plain -j 8 --block 22076 --recstart '>' --pipe blastp -query - -db /ibex/sw/csi/prokka/1.14.5/conda2/miniconda2/db/kingdom/Bacteria/sprot -evalue 1e-09 -qcov_hsp_perc 80 -num_threads 1 -num_descriptions 1 -num_alignments 1 -seg no > \/home\/mullara\/Week_5\/GCA_000008605\.1_ASM860v1_prokka_output\/GCA_000008605\.1_ASM860v1\.sprot\.tmp\.2361603\.blast 2> /dev/null
[18:01:57] Modify product: 1,4-alpha-glucan branching enzyme TTHA1902 => 1,4-alpha-glucan branching enzyme
[18:01:57] Modify product: Probable peptidoglycan glycosyltransferase FtsW => putative peptidoglycan glycosyltransferase FtsW
[18:01:57] Modify product: Probable ATP synthase YscN => putative ATP synthase YscN
[18:01:57] Modify product: Probable dual-specificity RNA methyltransferase RlmN => putative dual-specificity RNA methyltransferase RlmN
[18:01:57] Modify product: Cyclic di-GMP binding protein TDE_0214 => Cyclic di-GMP binding protein
[18:01:57] Modify product: Uncharacterized protein TP_0004 => putative protein
[18:01:57] Modify product: UPF0053 protein HI_0107 => hypothetical protein
[18:01:57] Modify product: UPF0053 protein HI_0107 => hypothetical protein
[18:01:57] Modify product: Probable transcriptional regulatory protein aq_1575 => putative transcriptional regulatory protein
[18:01:57] Modify product: Outer membrane protein TP0453 => Outer membrane protein
[18:01:57] Modify product: Probable riboflavin import ATP-binding protein RfuB => putative riboflavin import ATP-binding protein RfuB
[18:01:57] Modify product: Probable riboflavin import ATP-binding protein RfuB => putative riboflavin import ATP-binding protein RfuB
[18:01:57] Modify product: Probable riboflavin import permease protein RfuC => putative riboflavin import permease protein RfuC
[18:01:57] Modify product: Probable riboflavin import permease protein RfuD => putative riboflavin import permease protein RfuD
[18:01:57] Modify product: Probable riboflavin import permease protein RfuD => putative riboflavin import permease protein RfuD
[18:01:57] Modify product: Putative outer membrane protein assembly factor TP_0326 => Putative outer membrane protein assembly factor
[18:01:57] Modify product: Uncharacterized protein TP_0183 => putative protein
[18:01:58] Modify product: Putative zinc metalloprotease aq_1964 => Putative zinc metalloprotease
[18:01:58] Modify product: Probable ABC transporter ATP-binding protein M6_Spy0273 => putative ABC transporter ATP-binding protein
[18:01:58] Modify product: UPF0051 protein SA0778 => hypothetical protein
[18:01:58] Modify product: Probable tRNA sulfurtransferase => putative tRNA sulfurtransferase
[18:01:58] Modify product: Putative DD-carboxypeptidase TP_0574 => Putative DD-carboxypeptidase
[18:01:58] Modify product: Bifunctional protein FolD => Bifunctional protein FolD protein
[18:01:58] Modify product: Dihydroorotate dehydrogenase B (NAD(+)), electron transfer subunit homolog => Dihydroorotate dehydrogenase B (NAD(+)), electron transfer subunit 
[18:01:58] Modify product: Uncharacterized protein TP_0751 => putative protein
[18:01:58] Modify product: UPF0102 protein RPA0323 => hypothetical protein
[18:01:58] Modify product: Probable NADH oxidase => putative NADH oxidase
[18:01:58] Modify product: Probable peptidyl-prolyl cis-trans isomerase => putative peptidyl-prolyl cis-trans isomerase
[18:01:58] Modify product: Uncharacterized protein TP_0956 => putative protein
[18:01:58] Modify product: Uncharacterized ABC transporter ATP-binding protein YknY => putative ABC transporter ATP-binding protein YknY
[18:01:58] Modify product: Uncharacterized ABC transporter ATP-binding protein YbiT => putative ABC transporter ATP-binding protein YbiT
[18:01:58] Modify product: GTP cyclohydrolase 1 type 2 homolog => GTP cyclohydrolase 1 type 2 
[18:01:58] Modify product: Uncharacterized metal-dependent hydrolase YcfH => putative metal-dependent hydrolase YcfH
[18:01:58] Modify product: Probable tRNA-dihydrouridine synthase => putative tRNA-dihydrouridine synthase
[18:01:58] Modify product: UPF0056 inner membrane protein YhgN => hypothetical protein
[18:01:58] Modify product: UPF0073 inner membrane protein YqfA => hypothetical protein
[18:01:58] Cleaned 36 /product names
[18:01:58] Deleting unwanted file: /home/mullara/Week_5/GCA_000008605.1_ASM860v1_prokka_output/GCA_000008605.1_ASM860v1.sprot.tmp.2361603.faa
[18:01:58] Deleting unwanted file: /home/mullara/Week_5/GCA_000008605.1_ASM860v1_prokka_output/GCA_000008605.1_ASM860v1.sprot.tmp.2361603.blast
[18:01:58] There are still 567 unannotated CDS left (started with 1001)
[18:01:58] Will use hmmer3 to search against /ibex/sw/csi/prokka/1.14.5/conda2/miniconda2/db/hmm/HAMAP.hmm with 8 CPUs
[18:01:58] Running: cat \/home\/mullara\/Week_5\/GCA_000008605\.1_ASM860v1_prokka_output\/GCA_000008605\.1_ASM860v1\.HAMAP\.hmm\.tmp\.2361603\.faa | parallel --gnu --plain -j 8 --block 12047 --recstart '>' --pipe hmmscan --noali --notextw --acc -E 1e-09 --cpu 1 /ibex/sw/csi/prokka/1.14.5/conda2/miniconda2/db/hmm/HAMAP.hmm /dev/stdin > \/home\/mullara\/Week_5\/GCA_000008605\.1_ASM860v1_prokka_output\/GCA_000008605\.1_ASM860v1\.HAMAP\.hmm\.tmp\.2361603\.hmmer3 2> /dev/null
[18:02:02] Deleting unwanted file: /home/mullara/Week_5/GCA_000008605.1_ASM860v1_prokka_output/GCA_000008605.1_ASM860v1.HAMAP.hmm.tmp.2361603.faa
[18:02:02] Deleting unwanted file: /home/mullara/Week_5/GCA_000008605.1_ASM860v1_prokka_output/GCA_000008605.1_ASM860v1.HAMAP.hmm.tmp.2361603.hmmer3
[18:02:02] Labelling remaining 460 proteins as 'hypothetical protein'
[18:02:02] Possible /pseudo 'Chaperone protein DnaJ' at AE000520.1 position 221779
[18:02:02] Possible /pseudo 'putative riboflavin import ATP-binding protein RfuB' at AE000520.1 position 312368
[18:02:02] Possible /pseudo 'L-cystine-binding protein FliY' at AE000520.1 position 325542
[18:02:02] Possible /pseudo 'Flagellar basal-body rod protein FlgG' at AE000520.1 position 1042372
[18:02:02] Possible /pseudo 'Macrolide export ATP-binding/permease protein MacB' at AE000520.1 position 1044616
[18:02:02] Found 465 unique /gene codes.
[18:02:02] Fixed 2 duplicate /gene - clpP_1 clpP_2
[18:02:02] Fixed 2 duplicate /gene - flgG_1 flgG_2
[18:02:02] Fixed 2 duplicate /gene - fliG_1 fliG_2
[18:02:02] Fixed 2 duplicate /gene - rlmB_1 rlmB_2
[18:02:02] Fixed 2 duplicate /gene - lapB_1 lapB_2
[18:02:02] Fixed 2 duplicate /gene - macB_1 macB_2
[18:02:02] Fixed 2 duplicate /gene - gph_1 gph_2
[18:02:02] Fixed 2 duplicate /gene - lnt_1 lnt_2
[18:02:02] Fixed 2 duplicate /gene - mglB_1 mglB_2
[18:02:02] Fixed 6 duplicate /gene - bepA_1 bepA_2 bepA_3 bepA_4 bepA_5 bepA_6
[18:02:02] Fixed 2 duplicate /gene - rbn_1 rbn_2
[18:02:02] Fixed 2 duplicate /gene - ftsY_1 ftsY_2
[18:02:02] Fixed 2 duplicate /gene - alsT_1 alsT_2
[18:02:02] Fixed 2 duplicate /gene - rfuB_1 rfuB_2
[18:02:02] Fixed 3 duplicate /gene - smc_1 smc_2 smc_3
[18:02:02] Fixed 2 duplicate /gene - ruvB_1 ruvB_2
[18:02:02] Fixed 2 duplicate /gene - ftsH_1 ftsH_2
[18:02:02] Fixed 2 duplicate /gene - fliY_1 fliY_2
[18:02:02] Fixed 2 duplicate /gene - potA_1 potA_2
[18:02:02] Fixed 3 duplicate /gene - cpoB_1 cpoB_2 cpoB_3
[18:02:02] Fixed 2 duplicate /gene - ktrA_1 ktrA_2
[18:02:02] Fixed 2 duplicate /gene - atpE_1 atpE_2
[18:02:02] Fixed 2 duplicate /gene - flhB_1 flhB_2
[18:02:02] Fixed 2 duplicate /gene - nth_1 nth_2
[18:02:02] Fixed 2 duplicate /gene - pgk/tpi_1 pgk/tpi_2
[18:02:02] Fixed 2 duplicate /gene - fusA_1 fusA_2
[18:02:02] Fixed 2 duplicate /gene - deaD_1 deaD_2
[18:02:02] Fixed 2 duplicate /gene - cmk_1 cmk_2
[18:02:02] Fixed 2 duplicate /gene - ylxH_1 ylxH_2
[18:02:02] Fixed 2 duplicate /gene - pal_1 pal_2
[18:02:02] Fixed 2 duplicate /gene - rfuD_1 rfuD_2
[18:02:02] Fixed 2 duplicate /gene - arnB_1 arnB_2
[18:02:02] Fixed 2 duplicate /gene - pcrA_1 pcrA_2
[18:02:02] Fixed 4 duplicate /gene - dnaJ_1 dnaJ_2 dnaJ_3 dnaJ_4
[18:02:02] Fixed 2 duplicate /gene - atpD_1 atpD_2
[18:02:02] Fixed 2 duplicate /gene - ntpB_1 ntpB_2
[18:02:02] Fixed 36 colliding /gene names.
[18:02:02] Adding /locus_tag identifiers
[18:02:02] Assigned 1053 locus_tags to CDS and RNA features.
[18:02:02] Writing outputs to /home/mullara/Week_5/GCA_000008605.1_ASM860v1_prokka_output/
[18:02:02] Generating annotation statistics file
[18:02:02] Generating Genbank and Sequin files
[18:02:02] Running: tbl2asn -V b -a r10k -l paired-ends -M n -N 1 -y 'Annotated using prokka 1.14.6 from https://github.com/tseemann/prokka' -Z \/home\/mullara\/Week_5\/GCA_000008605\.1_ASM860v1_prokka_output\/GCA_000008605\.1_ASM860v1\.err -i \/home\/mullara\/Week_5\/GCA_000008605\.1_ASM860v1_prokka_output\/GCA_000008605\.1_ASM860v1\.fsa 2> /dev/null
[18:02:04] Deleting unwanted file: /home/mullara/Week_5/GCA_000008605.1_ASM860v1_prokka_output/errorsummary.val
[18:02:04] Deleting unwanted file: /home/mullara/Week_5/GCA_000008605.1_ASM860v1_prokka_output/GCA_000008605.1_ASM860v1.dr
[18:02:04] Deleting unwanted file: /home/mullara/Week_5/GCA_000008605.1_ASM860v1_prokka_output/GCA_000008605.1_ASM860v1.fixedproducts
[18:02:04] Deleting unwanted file: /home/mullara/Week_5/GCA_000008605.1_ASM860v1_prokka_output/GCA_000008605.1_ASM860v1.ecn
[18:02:04] Deleting unwanted file: /home/mullara/Week_5/GCA_000008605.1_ASM860v1_prokka_output/GCA_000008605.1_ASM860v1.val
[18:02:04] Repairing broken .GBK output that tbl2asn produces...
[18:02:04] Running: sed 's/COORDINATES: profile/COORDINATES:profile/' < \/home\/mullara\/Week_5\/GCA_000008605\.1_ASM860v1_prokka_output\/GCA_000008605\.1_ASM860v1\.gbf > \/home\/mullara\/Week_5\/GCA_000008605\.1_ASM860v1_prokka_output\/GCA_000008605\.1_ASM860v1\.gbk
[18:02:04] Deleting unwanted file: /home/mullara/Week_5/GCA_000008605.1_ASM860v1_prokka_output/GCA_000008605.1_ASM860v1.gbf
[18:02:04] Output files:
[18:02:04] /home/mullara/Week_5/GCA_000008605.1_ASM860v1_prokka_output/GCA_000008605.1_ASM860v1.log
[18:02:04] /home/mullara/Week_5/GCA_000008605.1_ASM860v1_prokka_output/GCA_000008605.1_ASM860v1.fna
[18:02:04] /home/mullara/Week_5/GCA_000008605.1_ASM860v1_prokka_output/GCA_000008605.1_ASM860v1.gff
[18:02:04] /home/mullara/Week_5/GCA_000008605.1_ASM860v1_prokka_output/GCA_000008605.1_ASM860v1.faa
[18:02:04] /home/mullara/Week_5/GCA_000008605.1_ASM860v1_prokka_output/GCA_000008605.1_ASM860v1.ffn
[18:02:04] /home/mullara/Week_5/GCA_000008605.1_ASM860v1_prokka_output/GCA_000008605.1_ASM860v1.tbl
[18:02:04] /home/mullara/Week_5/GCA_000008605.1_ASM860v1_prokka_output/GCA_000008605.1_ASM860v1.fsa
[18:02:04] /home/mullara/Week_5/GCA_000008605.1_ASM860v1_prokka_output/GCA_000008605.1_ASM860v1.tsv
[18:02:04] /home/mullara/Week_5/GCA_000008605.1_ASM860v1_prokka_output/GCA_000008605.1_ASM860v1.txt
[18:02:04] /home/mullara/Week_5/GCA_000008605.1_ASM860v1_prokka_output/GCA_000008605.1_ASM860v1.gbk
[18:02:04] /home/mullara/Week_5/GCA_000008605.1_ASM860v1_prokka_output/GCA_000008605.1_ASM860v1.sqn
[18:02:04] /home/mullara/Week_5/GCA_000008605.1_ASM860v1_prokka_output/GCA_000008605.1_ASM860v1.err
[18:02:04] Annotation finished successfully.
[18:02:04] Walltime used: 0.50 minutes
[18:02:04] If you use this result please cite the Prokka paper:
[18:02:04] Seemann T (2014) Prokka: rapid prokaryotic genome annotation. Bioinformatics. 30(14):2068-9.
[18:02:04] Type 'prokka --citation' for more details.
[18:02:04] Thank you, come again.
